<?xml version="1.0" encoding="UTF-8"?>
<testsuite xmlns:xsi="http://www.w3.org/2001/XMLSchema-instance" xsi:noNamespaceSchemaLocation="https://maven.apache.org/surefire/maven-surefire-plugin/xsd/surefire-test-report-3.0.xsd" version="3.0" name="basisExampleProjectTest.BasicExampleProcessIntTest" time="18.317" tests="1" errors="1" skipped="0" failures="0">
  <properties>
    <property name="java.specification.version" value="21"/>
    <property name="sun.cpu.isalist" value="amd64"/>
    <property name="sun.jnu.encoding" value="Cp1252"/>
    <property name="java.class.path" value="C:\Users\pgr\IdeaProjects\demo-camunda-aws-s3-connector\exampleProject1\target\test-classes;C:\Users\pgr\IdeaProjects\demo-camunda-aws-s3-connector\exampleProject1\target\classes;C:\Users\pgr\.m2\repository\info\novatec\bpm\camunda\connector\connector-aws-s3-libs\1.6.0\connector-aws-s3-libs-1.6.0.jar;C:\Users\pgr\.m2\repository\info\novatec\bpm\camunda\connector\connector-file-api\1.6.0\connector-file-api-1.6.0.jar;C:\Users\pgr\.m2\repository\software\amazon\awssdk\s3\2.26.7\s3-2.26.7.jar;C:\Users\pgr\.m2\repository\software\amazon\awssdk\aws-xml-protocol\2.26.7\aws-xml-protocol-2.26.7.jar;C:\Users\pgr\.m2\repository\software\amazon\awssdk\aws-query-protocol\2.26.7\aws-query-protocol-2.26.7.jar;C:\Users\pgr\.m2\repository\software\amazon\awssdk\protocol-core\2.26.7\protocol-core-2.26.7.jar;C:\Users\pgr\.m2\repository\software\amazon\awssdk\arns\2.26.7\arns-2.26.7.jar;C:\Users\pgr\.m2\repository\software\amazon\awssdk\profiles\2.26.7\profiles-2.26.7.jar;C:\Users\pgr\.m2\repository\software\amazon\awssdk\crt-core\2.26.7\crt-core-2.26.7.jar;C:\Users\pgr\.m2\repository\software\amazon\awssdk\http-auth\2.26.7\http-auth-2.26.7.jar;C:\Users\pgr\.m2\repository\software\amazon\awssdk\identity-spi\2.26.7\identity-spi-2.26.7.jar;C:\Users\pgr\.m2\repository\software\amazon\awssdk\http-auth-spi\2.26.7\http-auth-spi-2.26.7.jar;C:\Users\pgr\.m2\repository\org\reactivestreams\reactive-streams\1.0.4\reactive-streams-1.0.4.jar;C:\Users\pgr\.m2\repository\software\amazon\awssdk\http-auth-aws\2.26.7\http-auth-aws-2.26.7.jar;C:\Users\pgr\.m2\repository\software\amazon\awssdk\checksums\2.26.7\checksums-2.26.7.jar;C:\Users\pgr\.m2\repository\software\amazon\awssdk\checksums-spi\2.26.7\checksums-spi-2.26.7.jar;C:\Users\pgr\.m2\repository\software\amazon\awssdk\retries-spi\2.26.7\retries-spi-2.26.7.jar;C:\Users\pgr\.m2\repository\software\amazon\awssdk\sdk-core\2.26.7\sdk-core-2.26.7.jar;C:\Users\pgr\.m2\repository\software\amazon\awssdk\retries\2.26.7\retries-2.26.7.jar;C:\Users\pgr\.m2\repository\software\amazon\awssdk\auth\2.26.7\auth-2.26.7.jar;C:\Users\pgr\.m2\repository\software\amazon\eventstream\eventstream\1.0.1\eventstream-1.0.1.jar;C:\Users\pgr\.m2\repository\software\amazon\awssdk\http-client-spi\2.26.7\http-client-spi-2.26.7.jar;C:\Users\pgr\.m2\repository\software\amazon\awssdk\regions\2.26.7\regions-2.26.7.jar;C:\Users\pgr\.m2\repository\software\amazon\awssdk\annotations\2.26.7\annotations-2.26.7.jar;C:\Users\pgr\.m2\repository\software\amazon\awssdk\utils\2.26.7\utils-2.26.7.jar;C:\Users\pgr\.m2\repository\software\amazon\awssdk\aws-core\2.26.7\aws-core-2.26.7.jar;C:\Users\pgr\.m2\repository\software\amazon\awssdk\metrics-spi\2.26.7\metrics-spi-2.26.7.jar;C:\Users\pgr\.m2\repository\software\amazon\awssdk\json-utils\2.26.7\json-utils-2.26.7.jar;C:\Users\pgr\.m2\repository\software\amazon\awssdk\third-party-jackson-core\2.26.7\third-party-jackson-core-2.26.7.jar;C:\Users\pgr\.m2\repository\software\amazon\awssdk\endpoints-spi\2.26.7\endpoints-spi-2.26.7.jar;C:\Users\pgr\.m2\repository\software\amazon\awssdk\apache-client\2.26.7\apache-client-2.26.7.jar;C:\Users\pgr\.m2\repository\org\apache\httpcomponents\httpclient\4.5.13\httpclient-4.5.13.jar;C:\Users\pgr\.m2\repository\org\apache\httpcomponents\httpcore\4.4.16\httpcore-4.4.16.jar;C:\Users\pgr\.m2\repository\commons-codec\commons-codec\1.16.1\commons-codec-1.16.1.jar;C:\Users\pgr\.m2\repository\software\amazon\awssdk\netty-nio-client\2.26.7\netty-nio-client-2.26.7.jar;C:\Users\pgr\.m2\repository\io\netty\netty-codec-http\4.1.110.Final\netty-codec-http-4.1.110.Final.jar;C:\Users\pgr\.m2\repository\io\netty\netty-transport-classes-epoll\4.1.110.Final\netty-transport-classes-epoll-4.1.110.Final.jar;C:\Users\pgr\.m2\repository\io\camunda\connector\connector-core\8.5.3\connector-core-8.5.3.jar;C:\Users\pgr\.m2\repository\io\camunda\connector\connector-validation\8.5.3\connector-validation-8.5.3.jar;C:\Users\pgr\.m2\repository\org\hibernate\validator\hibernate-validator\8.0.1.Final\hibernate-validator-8.0.1.Final.jar;C:\Users\pgr\.m2\repository\jakarta\validation\jakarta.validation-api\3.0.2\jakarta.validation-api-3.0.2.jar;C:\Users\pgr\.m2\repository\org\jboss\logging\jboss-logging\3.5.3.Final\jboss-logging-3.5.3.Final.jar;C:\Users\pgr\.m2\repository\com\fasterxml\classmate\1.7.0\classmate-1.7.0.jar;C:\Users\pgr\.m2\repository\org\slf4j\slf4j-api\2.0.13\slf4j-api-2.0.13.jar;C:\Users\pgr\.m2\repository\org\projectlombok\lombok\1.18.32\lombok-1.18.32.jar;C:\Users\pgr\.m2\repository\com\example\deployment-starter\1.0.0\deployment-starter-1.0.0.jar;C:\Users\pgr\.m2\repository\io\camunda\zeebe-client-java\8.5.5\zeebe-client-java-8.5.5.jar;C:\Users\pgr\.m2\repository\io\camunda\zeebe-bpmn-model\8.5.5\zeebe-bpmn-model-8.5.5.jar;C:\Users\pgr\.m2\repository\org\camunda\bpm\model\camunda-xml-model\7.20.0\camunda-xml-model-7.20.0.jar;C:\Users\pgr\.m2\repository\com\fasterxml\jackson\core\jackson-core\2.17.1\jackson-core-2.17.1.jar;C:\Users\pgr\.m2\repository\com\fasterxml\jackson\core\jackson-annotations\2.17.1\jackson-annotations-2.17.1.jar;C:\Users\pgr\.m2\repository\com\google\code\findbugs\jsr305\3.0.2\jsr305-3.0.2.jar;C:\Users\pgr\.m2\repository\org\apache\httpcomponents\core5\httpcore5\5.2.4\httpcore5-5.2.4.jar;C:\Users\pgr\.m2\repository\io\camunda\zeebe-gateway-protocol-impl\8.5.5\zeebe-gateway-protocol-impl-8.5.5.jar;C:\Users\pgr\.m2\repository\io\grpc\grpc-protobuf\1.62.2\grpc-protobuf-1.62.2.jar;C:\Users\pgr\.m2\repository\com\google\api\grpc\proto-google-common-protos\2.29.0\proto-google-common-protos-2.29.0.jar;C:\Users\pgr\.m2\repository\io\grpc\grpc-protobuf-lite\1.62.2\grpc-protobuf-lite-1.62.2.jar;C:\Users\pgr\.m2\repository\com\google\guava\guava\33.1.0-jre\guava-33.1.0-jre.jar;C:\Users\pgr\.m2\repository\com\google\guava\failureaccess\1.0.2\failureaccess-1.0.2.jar;C:\Users\pgr\.m2\repository\com\google\guava\listenablefuture\9999.0-empty-to-avoid-conflict-with-guava\listenablefuture-9999.0-empty-to-avoid-conflict-with-guava.jar;C:\Users\pgr\.m2\repository\org\checkerframework\checker-qual\3.42.0\checker-qual-3.42.0.jar;C:\Users\pgr\.m2\repository\com\google\j2objc\j2objc-annotations\3.0.0\j2objc-annotations-3.0.0.jar;C:\Users\pgr\.m2\repository\org\apache\httpcomponents\client5\httpclient5\5.3.1\httpclient5-5.3.1.jar;C:\Users\pgr\.m2\repository\org\apache\httpcomponents\core5\httpcore5-h2\5.2.4\httpcore5-h2-5.2.4.jar;C:\Users\pgr\.m2\repository\io\grpc\grpc-stub\1.62.2\grpc-stub-1.62.2.jar;C:\Users\pgr\.m2\repository\com\google\errorprone\error_prone_annotations\2.23.0\error_prone_annotations-2.23.0.jar;C:\Users\pgr\.m2\repository\io\grpc\grpc-core\1.62.2\grpc-core-1.62.2.jar;C:\Users\pgr\.m2\repository\com\google\code\gson\gson\2.10.1\gson-2.10.1.jar;C:\Users\pgr\.m2\repository\com\google\android\annotations\4.1.1.4\annotations-4.1.1.4.jar;C:\Users\pgr\.m2\repository\org\codehaus\mojo\animal-sniffer-annotations\1.23\animal-sniffer-annotations-1.23.jar;C:\Users\pgr\.m2\repository\io\perfmark\perfmark-api\0.26.0\perfmark-api-0.26.0.jar;C:\Users\pgr\.m2\repository\io\grpc\grpc-context\1.62.2\grpc-context-1.62.2.jar;C:\Users\pgr\.m2\repository\io\grpc\grpc-api\1.62.2\grpc-api-1.62.2.jar;C:\Users\pgr\.m2\repository\io\grpc\grpc-netty\1.62.2\grpc-netty-1.62.2.jar;C:\Users\pgr\.m2\repository\io\netty\netty-codec-http2\4.1.110.Final\netty-codec-http2-4.1.110.Final.jar;C:\Users\pgr\.m2\repository\io\netty\netty-handler-proxy\4.1.110.Final\netty-handler-proxy-4.1.110.Final.jar;C:\Users\pgr\.m2\repository\io\netty\netty-codec-socks\4.1.110.Final\netty-codec-socks-4.1.110.Final.jar;C:\Users\pgr\.m2\repository\io\netty\netty-transport-native-unix-common\4.1.110.Final\netty-transport-native-unix-common-4.1.110.Final.jar;C:\Users\pgr\.m2\repository\io\grpc\grpc-util\1.62.2\grpc-util-1.62.2.jar;C:\Users\pgr\.m2\repository\com\google\protobuf\protobuf-java\3.25.3\protobuf-java-3.25.3.jar;C:\Users\pgr\.m2\repository\io\netty\netty-tcnative-boringssl-static\2.0.65.Final\netty-tcnative-boringssl-static-2.0.65.Final.jar;C:\Users\pgr\.m2\repository\io\netty\netty-tcnative-classes\2.0.65.Final\netty-tcnative-classes-2.0.65.Final.jar;C:\Users\pgr\.m2\repository\io\netty\netty-tcnative-boringssl-static\2.0.65.Final\netty-tcnative-boringssl-static-2.0.65.Final-linux-x86_64.jar;C:\Users\pgr\.m2\repository\io\netty\netty-tcnative-boringssl-static\2.0.65.Final\netty-tcnative-boringssl-static-2.0.65.Final-linux-aarch_64.jar;C:\Users\pgr\.m2\repository\io\netty\netty-tcnative-boringssl-static\2.0.65.Final\netty-tcnative-boringssl-static-2.0.65.Final-osx-x86_64.jar;C:\Users\pgr\.m2\repository\io\netty\netty-tcnative-boringssl-static\2.0.65.Final\netty-tcnative-boringssl-static-2.0.65.Final-osx-aarch_64.jar;C:\Users\pgr\.m2\repository\io\netty\netty-tcnative-boringssl-static\2.0.65.Final\netty-tcnative-boringssl-static-2.0.65.Final-windows-x86_64.jar;C:\Users\pgr\.m2\repository\io\netty\netty-handler\4.1.110.Final\netty-handler-4.1.110.Final.jar;C:\Users\pgr\.m2\repository\io\netty\netty-resolver\4.1.110.Final\netty-resolver-4.1.110.Final.jar;C:\Users\pgr\.m2\repository\io\netty\netty-buffer\4.1.110.Final\netty-buffer-4.1.110.Final.jar;C:\Users\pgr\.m2\repository\io\netty\netty-transport\4.1.110.Final\netty-transport-4.1.110.Final.jar;C:\Users\pgr\.m2\repository\io\netty\netty-codec\4.1.110.Final\netty-codec-4.1.110.Final.jar;C:\Users\pgr\.m2\repository\io\netty\netty-common\4.1.110.Final\netty-common-4.1.110.Final.jar;C:\Users\pgr\.m2\repository\com\fasterxml\jackson\dataformat\jackson-dataformat-yaml\2.17.1\jackson-dataformat-yaml-2.17.1.jar;C:\Users\pgr\.m2\repository\org\yaml\snakeyaml\2.2\snakeyaml-2.2.jar;C:\Users\pgr\.m2\repository\com\fasterxml\jackson\core\jackson-databind\2.17.2\jackson-databind-2.17.2.jar;C:\Users\pgr\.m2\repository\io\camunda\spring\spring-boot-starter-camunda\8.5.7\spring-boot-starter-camunda-8.5.7.jar;C:\Users\pgr\.m2\repository\org\springframework\boot\spring-boot-starter\3.3.0\spring-boot-starter-3.3.0.jar;C:\Users\pgr\.m2\repository\org\springframework\boot\spring-boot\3.3.0\spring-boot-3.3.0.jar;C:\Users\pgr\.m2\repository\org\springframework\spring-context\6.1.8\spring-context-6.1.8.jar;C:\Users\pgr\.m2\repository\org\springframework\boot\spring-boot-autoconfigure\3.3.0\spring-boot-autoconfigure-3.3.0.jar;C:\Users\pgr\.m2\repository\org\springframework\boot\spring-boot-starter-logging\3.3.0\spring-boot-starter-logging-3.3.0.jar;C:\Users\pgr\.m2\repository\ch\qos\logback\logback-classic\1.5.6\logback-classic-1.5.6.jar;C:\Users\pgr\.m2\repository\ch\qos\logback\logback-core\1.5.6\logback-core-1.5.6.jar;C:\Users\pgr\.m2\repository\org\apache\logging\log4j\log4j-to-slf4j\2.23.1\log4j-to-slf4j-2.23.1.jar;C:\Users\pgr\.m2\repository\org\apache\logging\log4j\log4j-api\2.23.1\log4j-api-2.23.1.jar;C:\Users\pgr\.m2\repository\org\slf4j\jul-to-slf4j\2.0.13\jul-to-slf4j-2.0.13.jar;C:\Users\pgr\.m2\repository\jakarta\annotation\jakarta.annotation-api\2.1.1\jakarta.annotation-api-2.1.1.jar;C:\Users\pgr\.m2\repository\io\camunda\spring\spring-client-zeebe\8.5.7\spring-client-zeebe-8.5.7.jar;C:\Users\pgr\.m2\repository\io\camunda\spring\spring-client-annotations\8.5.7\spring-client-annotations-8.5.7.jar;C:\Users\pgr\.m2\repository\commons-beanutils\commons-beanutils\1.9.4\commons-beanutils-1.9.4.jar;C:\Users\pgr\.m2\repository\commons-logging\commons-logging\1.2\commons-logging-1.2.jar;C:\Users\pgr\.m2\repository\commons-collections\commons-collections\3.2.2\commons-collections-3.2.2.jar;C:\Users\pgr\.m2\repository\org\springframework\boot\spring-boot-starter-json\3.3.0\spring-boot-starter-json-3.3.0.jar;C:\Users\pgr\.m2\repository\org\springframework\spring-web\6.1.8\spring-web-6.1.8.jar;C:\Users\pgr\.m2\repository\org\springframework\spring-beans\6.1.8\spring-beans-6.1.8.jar;C:\Users\pgr\.m2\repository\com\fasterxml\jackson\datatype\jackson-datatype-jdk8\2.17.1\jackson-datatype-jdk8-2.17.1.jar;C:\Users\pgr\.m2\repository\com\fasterxml\jackson\datatype\jackson-datatype-jsr310\2.17.1\jackson-datatype-jsr310-2.17.1.jar;C:\Users\pgr\.m2\repository\com\fasterxml\jackson\module\jackson-module-parameter-names\2.17.1\jackson-module-parameter-names-2.17.1.jar;C:\Users\pgr\.m2\repository\io\camunda\spring\java-client-operate\8.5.7\java-client-operate-8.5.7.jar;C:\Users\pgr\.m2\repository\io\camunda\spring\java-common\8.5.7\java-common-8.5.7.jar;C:\Users\pgr\.m2\repository\io\github\resilience4j\resilience4j-retry\2.2.0\resilience4j-retry-2.2.0.jar;C:\Users\pgr\.m2\repository\io\github\resilience4j\resilience4j-core\2.2.0\resilience4j-core-2.2.0.jar;C:\Users\pgr\.m2\repository\io\camunda\spring\spring-client-common\8.5.7\spring-client-common-8.5.7.jar;C:\Users\pgr\.m2\repository\io\camunda\identity-spring-boot-autoconfigure\8.5.3\identity-spring-boot-autoconfigure-8.5.3.jar;C:\Users\pgr\.m2\repository\io\camunda\identity-sdk\8.5.3\identity-sdk-8.5.3.jar;C:\Users\pgr\.m2\repository\com\auth0\java-jwt\4.4.0\java-jwt-4.4.0.jar;C:\Users\pgr\.m2\repository\com\auth0\auth0\1.45.1\auth0-1.45.1.jar;C:\Users\pgr\.m2\repository\com\squareup\okhttp3\okhttp\4.12.0\okhttp-4.12.0.jar;C:\Users\pgr\.m2\repository\com\squareup\okio\okio\3.5.0\okio-3.5.0.jar;C:\Users\pgr\.m2\repository\com\squareup\okio\okio-jvm\3.5.0\okio-jvm-3.5.0.jar;C:\Users\pgr\.m2\repository\com\squareup\okhttp3\logging-interceptor\4.12.0\logging-interceptor-4.12.0.jar;C:\Users\pgr\.m2\repository\net\jodah\failsafe\2.4.1\failsafe-2.4.1.jar;C:\Users\pgr\.m2\repository\com\auth0\jwks-rsa\0.22.1\jwks-rsa-0.22.1.jar;C:\Users\pgr\.m2\repository\org\apache\commons\commons-collections4\4.4\commons-collections4-4.4.jar;C:\Users\pgr\.m2\repository\org\ehcache\ehcache\3.10.8\ehcache-3.10.8.jar;C:\Users\pgr\.m2\repository\javax\cache\cache-api\1.1.1\cache-api-1.1.1.jar;C:\Users\pgr\.m2\repository\io\camunda\connector\spring-boot-starter-camunda-connectors\8.5.4\spring-boot-starter-camunda-connectors-8.5.4.jar;C:\Users\pgr\.m2\repository\io\camunda\connector\connector-runtime-spring\8.5.4\connector-runtime-spring-8.5.4.jar;C:\Users\pgr\.m2\repository\io\camunda\connector\connector-runtime-core\8.5.4\connector-runtime-core-8.5.4.jar;C:\Users\pgr\.m2\repository\io\camunda\connector\jackson-datatype-feel\8.5.4\jackson-datatype-feel-8.5.4.jar;C:\Users\pgr\.m2\repository\io\camunda\connector\connector-feel-wrapper\8.5.4\connector-feel-wrapper-8.5.4.jar;C:\Users\pgr\.m2\repository\com\fasterxml\jackson\module\jackson-module-scala_3\2.17.1\jackson-module-scala_3-2.17.1.jar;C:\Users\pgr\.m2\repository\org\scala-lang\scala3-library_3\3.3.3\scala3-library_3-3.3.3.jar;C:\Users\pgr\.m2\repository\com\thoughtworks\paranamer\paranamer\2.8\paranamer-2.8.jar;C:\Users\pgr\.m2\repository\org\springframework\boot\spring-boot-starter-web\3.3.0\spring-boot-starter-web-3.3.0.jar;C:\Users\pgr\.m2\repository\org\springframework\boot\spring-boot-starter-tomcat\3.3.0\spring-boot-starter-tomcat-3.3.0.jar;C:\Users\pgr\.m2\repository\org\apache\tomcat\embed\tomcat-embed-core\10.1.24\tomcat-embed-core-10.1.24.jar;C:\Users\pgr\.m2\repository\org\apache\tomcat\embed\tomcat-embed-el\10.1.24\tomcat-embed-el-10.1.24.jar;C:\Users\pgr\.m2\repository\org\apache\tomcat\embed\tomcat-embed-websocket\10.1.24\tomcat-embed-websocket-10.1.24.jar;C:\Users\pgr\.m2\repository\org\springframework\spring-webmvc\6.1.8\spring-webmvc-6.1.8.jar;C:\Users\pgr\.m2\repository\org\springframework\spring-aop\6.1.8\spring-aop-6.1.8.jar;C:\Users\pgr\.m2\repository\org\springframework\spring-expression\6.1.8\spring-expression-6.1.8.jar;C:\Users\pgr\.m2\repository\org\springframework\boot\spring-boot-starter-actuator\3.3.0\spring-boot-starter-actuator-3.3.0.jar;C:\Users\pgr\.m2\repository\org\springframework\boot\spring-boot-actuator-autoconfigure\3.3.0\spring-boot-actuator-autoconfigure-3.3.0.jar;C:\Users\pgr\.m2\repository\org\springframework\boot\spring-boot-actuator\3.3.0\spring-boot-actuator-3.3.0.jar;C:\Users\pgr\.m2\repository\io\micrometer\micrometer-observation\1.13.0\micrometer-observation-1.13.0.jar;C:\Users\pgr\.m2\repository\io\micrometer\micrometer-commons\1.13.0\micrometer-commons-1.13.0.jar;C:\Users\pgr\.m2\repository\io\micrometer\micrometer-jakarta9\1.13.0\micrometer-jakarta9-1.13.0.jar;C:\Users\pgr\.m2\repository\io\micrometer\micrometer-core\1.13.0\micrometer-core-1.13.0.jar;C:\Users\pgr\.m2\repository\org\hdrhistogram\HdrHistogram\2.2.1\HdrHistogram-2.2.1.jar;C:\Users\pgr\.m2\repository\org\latencyutils\LatencyUtils\2.0.3\LatencyUtils-2.0.3.jar;C:\Users\pgr\.m2\repository\org\springframework\boot\spring-boot-starter-test\3.3.1\spring-boot-starter-test-3.3.1.jar;C:\Users\pgr\.m2\repository\org\springframework\boot\spring-boot-test\3.3.0\spring-boot-test-3.3.0.jar;C:\Users\pgr\.m2\repository\org\springframework\boot\spring-boot-test-autoconfigure\3.3.0\spring-boot-test-autoconfigure-3.3.0.jar;C:\Users\pgr\.m2\repository\com\jayway\jsonpath\json-path\2.9.0\json-path-2.9.0.jar;C:\Users\pgr\.m2\repository\jakarta\xml\bind\jakarta.xml.bind-api\4.0.2\jakarta.xml.bind-api-4.0.2.jar;C:\Users\pgr\.m2\repository\jakarta\activation\jakarta.activation-api\2.1.3\jakarta.activation-api-2.1.3.jar;C:\Users\pgr\.m2\repository\net\minidev\json-smart\2.5.1\json-smart-2.5.1.jar;C:\Users\pgr\.m2\repository\net\minidev\accessors-smart\2.5.1\accessors-smart-2.5.1.jar;C:\Users\pgr\.m2\repository\org\ow2\asm\asm\9.6\asm-9.6.jar;C:\Users\pgr\.m2\repository\org\assertj\assertj-core\3.25.3\assertj-core-3.25.3.jar;C:\Users\pgr\.m2\repository\net\bytebuddy\byte-buddy\1.14.16\byte-buddy-1.14.16.jar;C:\Users\pgr\.m2\repository\org\awaitility\awaitility\4.2.1\awaitility-4.2.1.jar;C:\Users\pgr\.m2\repository\org\hamcrest\hamcrest\2.2\hamcrest-2.2.jar;C:\Users\pgr\.m2\repository\org\junit\jupiter\junit-jupiter\5.10.2\junit-jupiter-5.10.2.jar;C:\Users\pgr\.m2\repository\org\junit\jupiter\junit-jupiter-api\5.10.2\junit-jupiter-api-5.10.2.jar;C:\Users\pgr\.m2\repository\org\opentest4j\opentest4j\1.3.0\opentest4j-1.3.0.jar;C:\Users\pgr\.m2\repository\org\apiguardian\apiguardian-api\1.1.2\apiguardian-api-1.1.2.jar;C:\Users\pgr\.m2\repository\org\junit\jupiter\junit-jupiter-params\5.10.2\junit-jupiter-params-5.10.2.jar;C:\Users\pgr\.m2\repository\org\junit\jupiter\junit-jupiter-engine\5.10.2\junit-jupiter-engine-5.10.2.jar;C:\Users\pgr\.m2\repository\org\junit\platform\junit-platform-engine\1.10.2\junit-platform-engine-1.10.2.jar;C:\Users\pgr\.m2\repository\org\mockito\mockito-core\5.11.0\mockito-core-5.11.0.jar;C:\Users\pgr\.m2\repository\net\bytebuddy\byte-buddy-agent\1.14.16\byte-buddy-agent-1.14.16.jar;C:\Users\pgr\.m2\repository\org\objenesis\objenesis\3.3\objenesis-3.3.jar;C:\Users\pgr\.m2\repository\org\mockito\mockito-junit-jupiter\5.11.0\mockito-junit-jupiter-5.11.0.jar;C:\Users\pgr\.m2\repository\org\skyscreamer\jsonassert\1.5.1\jsonassert-1.5.1.jar;C:\Users\pgr\.m2\repository\com\vaadin\external\google\android-json\0.0.20131108.vaadin1\android-json-0.0.20131108.vaadin1.jar;C:\Users\pgr\.m2\repository\org\springframework\spring-core\6.1.8\spring-core-6.1.8.jar;C:\Users\pgr\.m2\repository\org\springframework\spring-jcl\6.1.8\spring-jcl-6.1.8.jar;C:\Users\pgr\.m2\repository\org\springframework\spring-test\6.1.8\spring-test-6.1.8.jar;C:\Users\pgr\.m2\repository\org\xmlunit\xmlunit-core\2.9.1\xmlunit-core-2.9.1.jar;C:\Users\pgr\.m2\repository\io\camunda\spring\spring-boot-starter-camunda-test\8.5.7\spring-boot-starter-camunda-test-8.5.7.jar;C:\Users\pgr\.m2\repository\io\camunda\spring\spring-boot-starter-camunda-test-common\8.5.7\spring-boot-starter-camunda-test-common-8.5.7.jar;C:\Users\pgr\.m2\repository\io\camunda\zeebe-process-test-extension\8.5.4\zeebe-process-test-extension-8.5.4.jar;C:\Users\pgr\.m2\repository\io\camunda\zeebe-process-test-engine\8.5.4\zeebe-process-test-engine-8.5.4.jar;C:\Users\pgr\.m2\repository\io\camunda\zeebe-workflow-engine\8.5.4\zeebe-workflow-engine-8.5.4.jar;C:\Users\pgr\.m2\repository\io\camunda\zeebe-msgpack-core\8.5.4\zeebe-msgpack-core-8.5.4.jar;C:\Users\pgr\.m2\repository\io\camunda\zeebe-expression-language\8.5.4\zeebe-expression-language-8.5.4.jar;C:\Users\pgr\.m2\repository\io\camunda\zeebe-feel-integration\8.5.4\zeebe-feel-integration-8.5.4.jar;C:\Users\pgr\.m2\repository\org\scala-lang\scala-library\2.13.14\scala-library-2.13.14.jar;C:\Users\pgr\.m2\repository\io\camunda\zeebe-dmn\8.5.4\zeebe-dmn-8.5.4.jar;C:\Users\pgr\.m2\repository\org\camunda\bpm\extension\dmn\scala\dmn-engine\1.9.0\dmn-engine-1.9.0.jar;C:\Users\pgr\.m2\repository\org\camunda\bpm\model\camunda-dmn-model\7.20.0\camunda-dmn-model-7.20.0.jar;C:\Users\pgr\.m2\repository\io\camunda\zeebe-auth\8.5.4\zeebe-auth-8.5.4.jar;C:\Users\pgr\.m2\repository\io\prometheus\simpleclient\0.16.0\simpleclient-0.16.0.jar;C:\Users\pgr\.m2\repository\io\prometheus\simpleclient_tracer_otel\0.16.0\simpleclient_tracer_otel-0.16.0.jar;C:\Users\pgr\.m2\repository\io\prometheus\simpleclient_tracer_common\0.16.0\simpleclient_tracer_common-0.16.0.jar;C:\Users\pgr\.m2\repository\io\prometheus\simpleclient_tracer_otel_agent\0.16.0\simpleclient_tracer_otel_agent-0.16.0.jar;C:\Users\pgr\.m2\repository\com\cronutils\cron-utils\9.2.1\cron-utils-9.2.1.jar;C:\Users\pgr\.m2\repository\org\camunda\feel\feel-engine\1.17.7\feel-engine-1.17.7.jar;C:\Users\pgr\.m2\repository\com\lihaoyi\fastparse_2.13\3.0.2\fastparse_2.13-3.0.2.jar;C:\Users\pgr\.m2\repository\com\lihaoyi\sourcecode_2.13\0.3.0\sourcecode_2.13-0.3.0.jar;C:\Users\pgr\.m2\repository\com\lihaoyi\geny_2.13\1.0.0\geny_2.13-1.0.0.jar;C:\Users\pgr\.m2\repository\io\camunda\zeebe-util\8.5.4\zeebe-util-8.5.4.jar;C:\Users\pgr\.m2\repository\org\apache\logging\log4j\log4j-core\2.23.1\log4j-core-2.23.1.jar;C:\Users\pgr\.m2\repository\io\camunda\zeebe-logstreams\8.5.4\zeebe-logstreams-8.5.4.jar;C:\Users\pgr\.m2\repository\com\netflix\concurrency-limits\concurrency-limits-core\0.4.2\concurrency-limits-core-0.4.2.jar;C:\Users\pgr\.m2\repository\io\camunda\zeebe-msgpack-value\8.5.4\zeebe-msgpack-value-8.5.4.jar;C:\Users\pgr\.m2\repository\io\camunda\zeebe-protocol\8.5.4\zeebe-protocol-8.5.4.jar;C:\Users\pgr\.m2\repository\io\camunda\zeebe-protocol-impl\8.5.4\zeebe-protocol-impl-8.5.4.jar;C:\Users\pgr\.m2\repository\org\msgpack\jackson-dataformat-msgpack\0.9.8\jackson-dataformat-msgpack-0.9.8.jar;C:\Users\pgr\.m2\repository\org\msgpack\msgpack-core\0.9.8\msgpack-core-0.9.8.jar;C:\Users\pgr\.m2\repository\io\camunda\zeebe-db\8.5.4\zeebe-db-8.5.4.jar;C:\Users\pgr\.m2\repository\io\camunda\zeebe-snapshots\8.5.4\zeebe-snapshots-8.5.4.jar;C:\Users\pgr\.m2\repository\org\rocksdb\rocksdbjni\8.11.4\rocksdbjni-8.11.4.jar;C:\Users\pgr\.m2\repository\io\camunda\zeebe-scheduler\8.5.4\zeebe-scheduler-8.5.4.jar;C:\Users\pgr\.m2\repository\io\camunda\zeebe-stream-platform\8.5.4\zeebe-stream-platform-8.5.4.jar;C:\Users\pgr\.m2\repository\org\agrona\agrona\1.21.0\agrona-1.21.0.jar;C:\Users\pgr\.m2\repository\io\camunda\zeebe-process-test-assertions\8.5.4\zeebe-process-test-assertions-8.5.4.jar;C:\Users\pgr\.m2\repository\io\camunda\zeebe-process-test-filters\8.5.4\zeebe-process-test-filters-8.5.4.jar;C:\Users\pgr\.m2\repository\io\camunda\zeebe-process-test-api\8.5.4\zeebe-process-test-api-8.5.4.jar;C:\Users\pgr\.m2\repository\org\junit\platform\junit-platform-commons\1.10.2\junit-platform-commons-1.10.2.jar;C:\Users\pgr\.m2\repository\org\testcontainers\localstack\1.19.8\localstack-1.19.8.jar;C:\Users\pgr\.m2\repository\org\testcontainers\testcontainers\1.19.8\testcontainers-1.19.8.jar;C:\Users\pgr\.m2\repository\junit\junit\4.13.2\junit-4.13.2.jar;C:\Users\pgr\.m2\repository\org\hamcrest\hamcrest-core\2.2\hamcrest-core-2.2.jar;C:\Users\pgr\.m2\repository\org\apache\commons\commons-compress\1.24.0\commons-compress-1.24.0.jar;C:\Users\pgr\.m2\repository\org\rnorth\duct-tape\duct-tape\1.0.8\duct-tape-1.0.8.jar;C:\Users\pgr\.m2\repository\org\jetbrains\annotations\17.0.0\annotations-17.0.0.jar;C:\Users\pgr\.m2\repository\com\github\docker-java\docker-java-api\3.3.6\docker-java-api-3.3.6.jar;C:\Users\pgr\.m2\repository\com\github\docker-java\docker-java-transport-zerodep\3.3.6\docker-java-transport-zerodep-3.3.6.jar;C:\Users\pgr\.m2\repository\com\github\docker-java\docker-java-transport\3.3.6\docker-java-transport-3.3.6.jar;C:\Users\pgr\.m2\repository\net\java\dev\jna\jna\5.13.0\jna-5.13.0.jar;C:\Users\pgr\.m2\repository\org\testcontainers\junit-jupiter\1.19.8\junit-jupiter-1.19.8.jar;C:\Users\pgr\.m2\repository\org\camunda\community\process_test_coverage\camunda-process-test-coverage-junit5-platform-8\2.6.0\camunda-process-test-coverage-junit5-platform-8-2.6.0.jar;C:\Users\pgr\.m2\repository\org\camunda\community\process_test_coverage\camunda-process-test-coverage-junit5-common\2.6.0\camunda-process-test-coverage-junit5-common-2.6.0.jar;C:\Users\pgr\.m2\repository\org\camunda\community\process_test_coverage\camunda-process-test-coverage-core\2.6.0\camunda-process-test-coverage-core-2.6.0.jar;C:\Users\pgr\.m2\repository\org\camunda\community\process_test_coverage\camunda-process-test-coverage-engine-platform-8\2.6.0\camunda-process-test-coverage-engine-platform-8-2.6.0.jar;C:\Users\pgr\.m2\repository\org\camunda\community\process_test_coverage\camunda-process-test-coverage-report-generator\2.6.0\camunda-process-test-coverage-report-generator-2.6.0.jar;C:\Users\pgr\.m2\repository\org\apache\commons\commons-lang3\3.14.0\commons-lang3-3.14.0.jar;C:\Users\pgr\.m2\repository\io\github\microutils\kotlin-logging-jvm\3.0.5\kotlin-logging-jvm-3.0.5.jar;C:\Users\pgr\.m2\repository\org\jetbrains\kotlin\kotlin-stdlib-jdk8\1.9.24\kotlin-stdlib-jdk8-1.9.24.jar;C:\Users\pgr\.m2\repository\org\jetbrains\kotlin\kotlin-stdlib\1.9.24\kotlin-stdlib-1.9.24.jar;C:\Users\pgr\.m2\repository\org\jetbrains\kotlin\kotlin-stdlib-jdk7\1.9.24\kotlin-stdlib-jdk7-1.9.24.jar;C:\Users\pgr\.m2\repository\org\jetbrains\kotlin\kotlin-stdlib-common\1.9.24\kotlin-stdlib-common-1.9.24.jar;"/>
    <property name="java.vm.vendor" value="Oracle Corporation"/>
    <property name="sun.arch.data.model" value="64"/>
    <property name="user.variant" value=""/>
    <property name="java.vendor.url" value="https://java.oracle.com/"/>
    <property name="user.timezone" value="Europe/Berlin"/>
    <property name="org.jboss.logging.provider" value="slf4j"/>
    <property name="os.name" value="Windows 11"/>
    <property name="java.vm.specification.version" value="21"/>
    <property name="AWS_SECRET_KEY" value="test"/>
    <property name="sun.java.launcher" value="SUN_STANDARD"/>
    <property name="user.country" value="DE"/>
    <property name="sun.boot.library.path" value="C:\Program Files\Java\openjdk-21.0.1\bin"/>
    <property name="sun.java.command" value="C:\Users\pgr\AppData\Local\Temp\surefire14430339261627007068\surefirebooter-20240729112119027_3.jar C:\Users\pgr\AppData\Local\Temp\surefire14430339261627007068 2024-07-29T11-21-18_935-jvmRun1 surefire-20240729112119027_1tmp surefire_0-20240729112119027_2tmp"/>
    <property name="jdk.debug" value="release"/>
    <property name="surefire.test.class.path" value="C:\Users\pgr\IdeaProjects\demo-camunda-aws-s3-connector\exampleProject1\target\test-classes;C:\Users\pgr\IdeaProjects\demo-camunda-aws-s3-connector\exampleProject1\target\classes;C:\Users\pgr\.m2\repository\info\novatec\bpm\camunda\connector\connector-aws-s3-libs\1.6.0\connector-aws-s3-libs-1.6.0.jar;C:\Users\pgr\.m2\repository\info\novatec\bpm\camunda\connector\connector-file-api\1.6.0\connector-file-api-1.6.0.jar;C:\Users\pgr\.m2\repository\software\amazon\awssdk\s3\2.26.7\s3-2.26.7.jar;C:\Users\pgr\.m2\repository\software\amazon\awssdk\aws-xml-protocol\2.26.7\aws-xml-protocol-2.26.7.jar;C:\Users\pgr\.m2\repository\software\amazon\awssdk\aws-query-protocol\2.26.7\aws-query-protocol-2.26.7.jar;C:\Users\pgr\.m2\repository\software\amazon\awssdk\protocol-core\2.26.7\protocol-core-2.26.7.jar;C:\Users\pgr\.m2\repository\software\amazon\awssdk\arns\2.26.7\arns-2.26.7.jar;C:\Users\pgr\.m2\repository\software\amazon\awssdk\profiles\2.26.7\profiles-2.26.7.jar;C:\Users\pgr\.m2\repository\software\amazon\awssdk\crt-core\2.26.7\crt-core-2.26.7.jar;C:\Users\pgr\.m2\repository\software\amazon\awssdk\http-auth\2.26.7\http-auth-2.26.7.jar;C:\Users\pgr\.m2\repository\software\amazon\awssdk\identity-spi\2.26.7\identity-spi-2.26.7.jar;C:\Users\pgr\.m2\repository\software\amazon\awssdk\http-auth-spi\2.26.7\http-auth-spi-2.26.7.jar;C:\Users\pgr\.m2\repository\org\reactivestreams\reactive-streams\1.0.4\reactive-streams-1.0.4.jar;C:\Users\pgr\.m2\repository\software\amazon\awssdk\http-auth-aws\2.26.7\http-auth-aws-2.26.7.jar;C:\Users\pgr\.m2\repository\software\amazon\awssdk\checksums\2.26.7\checksums-2.26.7.jar;C:\Users\pgr\.m2\repository\software\amazon\awssdk\checksums-spi\2.26.7\checksums-spi-2.26.7.jar;C:\Users\pgr\.m2\repository\software\amazon\awssdk\retries-spi\2.26.7\retries-spi-2.26.7.jar;C:\Users\pgr\.m2\repository\software\amazon\awssdk\sdk-core\2.26.7\sdk-core-2.26.7.jar;C:\Users\pgr\.m2\repository\software\amazon\awssdk\retries\2.26.7\retries-2.26.7.jar;C:\Users\pgr\.m2\repository\software\amazon\awssdk\auth\2.26.7\auth-2.26.7.jar;C:\Users\pgr\.m2\repository\software\amazon\eventstream\eventstream\1.0.1\eventstream-1.0.1.jar;C:\Users\pgr\.m2\repository\software\amazon\awssdk\http-client-spi\2.26.7\http-client-spi-2.26.7.jar;C:\Users\pgr\.m2\repository\software\amazon\awssdk\regions\2.26.7\regions-2.26.7.jar;C:\Users\pgr\.m2\repository\software\amazon\awssdk\annotations\2.26.7\annotations-2.26.7.jar;C:\Users\pgr\.m2\repository\software\amazon\awssdk\utils\2.26.7\utils-2.26.7.jar;C:\Users\pgr\.m2\repository\software\amazon\awssdk\aws-core\2.26.7\aws-core-2.26.7.jar;C:\Users\pgr\.m2\repository\software\amazon\awssdk\metrics-spi\2.26.7\metrics-spi-2.26.7.jar;C:\Users\pgr\.m2\repository\software\amazon\awssdk\json-utils\2.26.7\json-utils-2.26.7.jar;C:\Users\pgr\.m2\repository\software\amazon\awssdk\third-party-jackson-core\2.26.7\third-party-jackson-core-2.26.7.jar;C:\Users\pgr\.m2\repository\software\amazon\awssdk\endpoints-spi\2.26.7\endpoints-spi-2.26.7.jar;C:\Users\pgr\.m2\repository\software\amazon\awssdk\apache-client\2.26.7\apache-client-2.26.7.jar;C:\Users\pgr\.m2\repository\org\apache\httpcomponents\httpclient\4.5.13\httpclient-4.5.13.jar;C:\Users\pgr\.m2\repository\org\apache\httpcomponents\httpcore\4.4.16\httpcore-4.4.16.jar;C:\Users\pgr\.m2\repository\commons-codec\commons-codec\1.16.1\commons-codec-1.16.1.jar;C:\Users\pgr\.m2\repository\software\amazon\awssdk\netty-nio-client\2.26.7\netty-nio-client-2.26.7.jar;C:\Users\pgr\.m2\repository\io\netty\netty-codec-http\4.1.110.Final\netty-codec-http-4.1.110.Final.jar;C:\Users\pgr\.m2\repository\io\netty\netty-transport-classes-epoll\4.1.110.Final\netty-transport-classes-epoll-4.1.110.Final.jar;C:\Users\pgr\.m2\repository\io\camunda\connector\connector-core\8.5.3\connector-core-8.5.3.jar;C:\Users\pgr\.m2\repository\io\camunda\connector\connector-validation\8.5.3\connector-validation-8.5.3.jar;C:\Users\pgr\.m2\repository\org\hibernate\validator\hibernate-validator\8.0.1.Final\hibernate-validator-8.0.1.Final.jar;C:\Users\pgr\.m2\repository\jakarta\validation\jakarta.validation-api\3.0.2\jakarta.validation-api-3.0.2.jar;C:\Users\pgr\.m2\repository\org\jboss\logging\jboss-logging\3.5.3.Final\jboss-logging-3.5.3.Final.jar;C:\Users\pgr\.m2\repository\com\fasterxml\classmate\1.7.0\classmate-1.7.0.jar;C:\Users\pgr\.m2\repository\org\slf4j\slf4j-api\2.0.13\slf4j-api-2.0.13.jar;C:\Users\pgr\.m2\repository\org\projectlombok\lombok\1.18.32\lombok-1.18.32.jar;C:\Users\pgr\.m2\repository\com\example\deployment-starter\1.0.0\deployment-starter-1.0.0.jar;C:\Users\pgr\.m2\repository\io\camunda\zeebe-client-java\8.5.5\zeebe-client-java-8.5.5.jar;C:\Users\pgr\.m2\repository\io\camunda\zeebe-bpmn-model\8.5.5\zeebe-bpmn-model-8.5.5.jar;C:\Users\pgr\.m2\repository\org\camunda\bpm\model\camunda-xml-model\7.20.0\camunda-xml-model-7.20.0.jar;C:\Users\pgr\.m2\repository\com\fasterxml\jackson\core\jackson-core\2.17.1\jackson-core-2.17.1.jar;C:\Users\pgr\.m2\repository\com\fasterxml\jackson\core\jackson-annotations\2.17.1\jackson-annotations-2.17.1.jar;C:\Users\pgr\.m2\repository\com\google\code\findbugs\jsr305\3.0.2\jsr305-3.0.2.jar;C:\Users\pgr\.m2\repository\org\apache\httpcomponents\core5\httpcore5\5.2.4\httpcore5-5.2.4.jar;C:\Users\pgr\.m2\repository\io\camunda\zeebe-gateway-protocol-impl\8.5.5\zeebe-gateway-protocol-impl-8.5.5.jar;C:\Users\pgr\.m2\repository\io\grpc\grpc-protobuf\1.62.2\grpc-protobuf-1.62.2.jar;C:\Users\pgr\.m2\repository\com\google\api\grpc\proto-google-common-protos\2.29.0\proto-google-common-protos-2.29.0.jar;C:\Users\pgr\.m2\repository\io\grpc\grpc-protobuf-lite\1.62.2\grpc-protobuf-lite-1.62.2.jar;C:\Users\pgr\.m2\repository\com\google\guava\guava\33.1.0-jre\guava-33.1.0-jre.jar;C:\Users\pgr\.m2\repository\com\google\guava\failureaccess\1.0.2\failureaccess-1.0.2.jar;C:\Users\pgr\.m2\repository\com\google\guava\listenablefuture\9999.0-empty-to-avoid-conflict-with-guava\listenablefuture-9999.0-empty-to-avoid-conflict-with-guava.jar;C:\Users\pgr\.m2\repository\org\checkerframework\checker-qual\3.42.0\checker-qual-3.42.0.jar;C:\Users\pgr\.m2\repository\com\google\j2objc\j2objc-annotations\3.0.0\j2objc-annotations-3.0.0.jar;C:\Users\pgr\.m2\repository\org\apache\httpcomponents\client5\httpclient5\5.3.1\httpclient5-5.3.1.jar;C:\Users\pgr\.m2\repository\org\apache\httpcomponents\core5\httpcore5-h2\5.2.4\httpcore5-h2-5.2.4.jar;C:\Users\pgr\.m2\repository\io\grpc\grpc-stub\1.62.2\grpc-stub-1.62.2.jar;C:\Users\pgr\.m2\repository\com\google\errorprone\error_prone_annotations\2.23.0\error_prone_annotations-2.23.0.jar;C:\Users\pgr\.m2\repository\io\grpc\grpc-core\1.62.2\grpc-core-1.62.2.jar;C:\Users\pgr\.m2\repository\com\google\code\gson\gson\2.10.1\gson-2.10.1.jar;C:\Users\pgr\.m2\repository\com\google\android\annotations\4.1.1.4\annotations-4.1.1.4.jar;C:\Users\pgr\.m2\repository\org\codehaus\mojo\animal-sniffer-annotations\1.23\animal-sniffer-annotations-1.23.jar;C:\Users\pgr\.m2\repository\io\perfmark\perfmark-api\0.26.0\perfmark-api-0.26.0.jar;C:\Users\pgr\.m2\repository\io\grpc\grpc-context\1.62.2\grpc-context-1.62.2.jar;C:\Users\pgr\.m2\repository\io\grpc\grpc-api\1.62.2\grpc-api-1.62.2.jar;C:\Users\pgr\.m2\repository\io\grpc\grpc-netty\1.62.2\grpc-netty-1.62.2.jar;C:\Users\pgr\.m2\repository\io\netty\netty-codec-http2\4.1.110.Final\netty-codec-http2-4.1.110.Final.jar;C:\Users\pgr\.m2\repository\io\netty\netty-handler-proxy\4.1.110.Final\netty-handler-proxy-4.1.110.Final.jar;C:\Users\pgr\.m2\repository\io\netty\netty-codec-socks\4.1.110.Final\netty-codec-socks-4.1.110.Final.jar;C:\Users\pgr\.m2\repository\io\netty\netty-transport-native-unix-common\4.1.110.Final\netty-transport-native-unix-common-4.1.110.Final.jar;C:\Users\pgr\.m2\repository\io\grpc\grpc-util\1.62.2\grpc-util-1.62.2.jar;C:\Users\pgr\.m2\repository\com\google\protobuf\protobuf-java\3.25.3\protobuf-java-3.25.3.jar;C:\Users\pgr\.m2\repository\io\netty\netty-tcnative-boringssl-static\2.0.65.Final\netty-tcnative-boringssl-static-2.0.65.Final.jar;C:\Users\pgr\.m2\repository\io\netty\netty-tcnative-classes\2.0.65.Final\netty-tcnative-classes-2.0.65.Final.jar;C:\Users\pgr\.m2\repository\io\netty\netty-tcnative-boringssl-static\2.0.65.Final\netty-tcnative-boringssl-static-2.0.65.Final-linux-x86_64.jar;C:\Users\pgr\.m2\repository\io\netty\netty-tcnative-boringssl-static\2.0.65.Final\netty-tcnative-boringssl-static-2.0.65.Final-linux-aarch_64.jar;C:\Users\pgr\.m2\repository\io\netty\netty-tcnative-boringssl-static\2.0.65.Final\netty-tcnative-boringssl-static-2.0.65.Final-osx-x86_64.jar;C:\Users\pgr\.m2\repository\io\netty\netty-tcnative-boringssl-static\2.0.65.Final\netty-tcnative-boringssl-static-2.0.65.Final-osx-aarch_64.jar;C:\Users\pgr\.m2\repository\io\netty\netty-tcnative-boringssl-static\2.0.65.Final\netty-tcnative-boringssl-static-2.0.65.Final-windows-x86_64.jar;C:\Users\pgr\.m2\repository\io\netty\netty-handler\4.1.110.Final\netty-handler-4.1.110.Final.jar;C:\Users\pgr\.m2\repository\io\netty\netty-resolver\4.1.110.Final\netty-resolver-4.1.110.Final.jar;C:\Users\pgr\.m2\repository\io\netty\netty-buffer\4.1.110.Final\netty-buffer-4.1.110.Final.jar;C:\Users\pgr\.m2\repository\io\netty\netty-transport\4.1.110.Final\netty-transport-4.1.110.Final.jar;C:\Users\pgr\.m2\repository\io\netty\netty-codec\4.1.110.Final\netty-codec-4.1.110.Final.jar;C:\Users\pgr\.m2\repository\io\netty\netty-common\4.1.110.Final\netty-common-4.1.110.Final.jar;C:\Users\pgr\.m2\repository\com\fasterxml\jackson\dataformat\jackson-dataformat-yaml\2.17.1\jackson-dataformat-yaml-2.17.1.jar;C:\Users\pgr\.m2\repository\org\yaml\snakeyaml\2.2\snakeyaml-2.2.jar;C:\Users\pgr\.m2\repository\com\fasterxml\jackson\core\jackson-databind\2.17.2\jackson-databind-2.17.2.jar;C:\Users\pgr\.m2\repository\io\camunda\spring\spring-boot-starter-camunda\8.5.7\spring-boot-starter-camunda-8.5.7.jar;C:\Users\pgr\.m2\repository\org\springframework\boot\spring-boot-starter\3.3.0\spring-boot-starter-3.3.0.jar;C:\Users\pgr\.m2\repository\org\springframework\boot\spring-boot\3.3.0\spring-boot-3.3.0.jar;C:\Users\pgr\.m2\repository\org\springframework\spring-context\6.1.8\spring-context-6.1.8.jar;C:\Users\pgr\.m2\repository\org\springframework\boot\spring-boot-autoconfigure\3.3.0\spring-boot-autoconfigure-3.3.0.jar;C:\Users\pgr\.m2\repository\org\springframework\boot\spring-boot-starter-logging\3.3.0\spring-boot-starter-logging-3.3.0.jar;C:\Users\pgr\.m2\repository\ch\qos\logback\logback-classic\1.5.6\logback-classic-1.5.6.jar;C:\Users\pgr\.m2\repository\ch\qos\logback\logback-core\1.5.6\logback-core-1.5.6.jar;C:\Users\pgr\.m2\repository\org\apache\logging\log4j\log4j-to-slf4j\2.23.1\log4j-to-slf4j-2.23.1.jar;C:\Users\pgr\.m2\repository\org\apache\logging\log4j\log4j-api\2.23.1\log4j-api-2.23.1.jar;C:\Users\pgr\.m2\repository\org\slf4j\jul-to-slf4j\2.0.13\jul-to-slf4j-2.0.13.jar;C:\Users\pgr\.m2\repository\jakarta\annotation\jakarta.annotation-api\2.1.1\jakarta.annotation-api-2.1.1.jar;C:\Users\pgr\.m2\repository\io\camunda\spring\spring-client-zeebe\8.5.7\spring-client-zeebe-8.5.7.jar;C:\Users\pgr\.m2\repository\io\camunda\spring\spring-client-annotations\8.5.7\spring-client-annotations-8.5.7.jar;C:\Users\pgr\.m2\repository\commons-beanutils\commons-beanutils\1.9.4\commons-beanutils-1.9.4.jar;C:\Users\pgr\.m2\repository\commons-logging\commons-logging\1.2\commons-logging-1.2.jar;C:\Users\pgr\.m2\repository\commons-collections\commons-collections\3.2.2\commons-collections-3.2.2.jar;C:\Users\pgr\.m2\repository\org\springframework\boot\spring-boot-starter-json\3.3.0\spring-boot-starter-json-3.3.0.jar;C:\Users\pgr\.m2\repository\org\springframework\spring-web\6.1.8\spring-web-6.1.8.jar;C:\Users\pgr\.m2\repository\org\springframework\spring-beans\6.1.8\spring-beans-6.1.8.jar;C:\Users\pgr\.m2\repository\com\fasterxml\jackson\datatype\jackson-datatype-jdk8\2.17.1\jackson-datatype-jdk8-2.17.1.jar;C:\Users\pgr\.m2\repository\com\fasterxml\jackson\datatype\jackson-datatype-jsr310\2.17.1\jackson-datatype-jsr310-2.17.1.jar;C:\Users\pgr\.m2\repository\com\fasterxml\jackson\module\jackson-module-parameter-names\2.17.1\jackson-module-parameter-names-2.17.1.jar;C:\Users\pgr\.m2\repository\io\camunda\spring\java-client-operate\8.5.7\java-client-operate-8.5.7.jar;C:\Users\pgr\.m2\repository\io\camunda\spring\java-common\8.5.7\java-common-8.5.7.jar;C:\Users\pgr\.m2\repository\io\github\resilience4j\resilience4j-retry\2.2.0\resilience4j-retry-2.2.0.jar;C:\Users\pgr\.m2\repository\io\github\resilience4j\resilience4j-core\2.2.0\resilience4j-core-2.2.0.jar;C:\Users\pgr\.m2\repository\io\camunda\spring\spring-client-common\8.5.7\spring-client-common-8.5.7.jar;C:\Users\pgr\.m2\repository\io\camunda\identity-spring-boot-autoconfigure\8.5.3\identity-spring-boot-autoconfigure-8.5.3.jar;C:\Users\pgr\.m2\repository\io\camunda\identity-sdk\8.5.3\identity-sdk-8.5.3.jar;C:\Users\pgr\.m2\repository\com\auth0\java-jwt\4.4.0\java-jwt-4.4.0.jar;C:\Users\pgr\.m2\repository\com\auth0\auth0\1.45.1\auth0-1.45.1.jar;C:\Users\pgr\.m2\repository\com\squareup\okhttp3\okhttp\4.12.0\okhttp-4.12.0.jar;C:\Users\pgr\.m2\repository\com\squareup\okio\okio\3.5.0\okio-3.5.0.jar;C:\Users\pgr\.m2\repository\com\squareup\okio\okio-jvm\3.5.0\okio-jvm-3.5.0.jar;C:\Users\pgr\.m2\repository\com\squareup\okhttp3\logging-interceptor\4.12.0\logging-interceptor-4.12.0.jar;C:\Users\pgr\.m2\repository\net\jodah\failsafe\2.4.1\failsafe-2.4.1.jar;C:\Users\pgr\.m2\repository\com\auth0\jwks-rsa\0.22.1\jwks-rsa-0.22.1.jar;C:\Users\pgr\.m2\repository\org\apache\commons\commons-collections4\4.4\commons-collections4-4.4.jar;C:\Users\pgr\.m2\repository\org\ehcache\ehcache\3.10.8\ehcache-3.10.8.jar;C:\Users\pgr\.m2\repository\javax\cache\cache-api\1.1.1\cache-api-1.1.1.jar;C:\Users\pgr\.m2\repository\io\camunda\connector\spring-boot-starter-camunda-connectors\8.5.4\spring-boot-starter-camunda-connectors-8.5.4.jar;C:\Users\pgr\.m2\repository\io\camunda\connector\connector-runtime-spring\8.5.4\connector-runtime-spring-8.5.4.jar;C:\Users\pgr\.m2\repository\io\camunda\connector\connector-runtime-core\8.5.4\connector-runtime-core-8.5.4.jar;C:\Users\pgr\.m2\repository\io\camunda\connector\jackson-datatype-feel\8.5.4\jackson-datatype-feel-8.5.4.jar;C:\Users\pgr\.m2\repository\io\camunda\connector\connector-feel-wrapper\8.5.4\connector-feel-wrapper-8.5.4.jar;C:\Users\pgr\.m2\repository\com\fasterxml\jackson\module\jackson-module-scala_3\2.17.1\jackson-module-scala_3-2.17.1.jar;C:\Users\pgr\.m2\repository\org\scala-lang\scala3-library_3\3.3.3\scala3-library_3-3.3.3.jar;C:\Users\pgr\.m2\repository\com\thoughtworks\paranamer\paranamer\2.8\paranamer-2.8.jar;C:\Users\pgr\.m2\repository\org\springframework\boot\spring-boot-starter-web\3.3.0\spring-boot-starter-web-3.3.0.jar;C:\Users\pgr\.m2\repository\org\springframework\boot\spring-boot-starter-tomcat\3.3.0\spring-boot-starter-tomcat-3.3.0.jar;C:\Users\pgr\.m2\repository\org\apache\tomcat\embed\tomcat-embed-core\10.1.24\tomcat-embed-core-10.1.24.jar;C:\Users\pgr\.m2\repository\org\apache\tomcat\embed\tomcat-embed-el\10.1.24\tomcat-embed-el-10.1.24.jar;C:\Users\pgr\.m2\repository\org\apache\tomcat\embed\tomcat-embed-websocket\10.1.24\tomcat-embed-websocket-10.1.24.jar;C:\Users\pgr\.m2\repository\org\springframework\spring-webmvc\6.1.8\spring-webmvc-6.1.8.jar;C:\Users\pgr\.m2\repository\org\springframework\spring-aop\6.1.8\spring-aop-6.1.8.jar;C:\Users\pgr\.m2\repository\org\springframework\spring-expression\6.1.8\spring-expression-6.1.8.jar;C:\Users\pgr\.m2\repository\org\springframework\boot\spring-boot-starter-actuator\3.3.0\spring-boot-starter-actuator-3.3.0.jar;C:\Users\pgr\.m2\repository\org\springframework\boot\spring-boot-actuator-autoconfigure\3.3.0\spring-boot-actuator-autoconfigure-3.3.0.jar;C:\Users\pgr\.m2\repository\org\springframework\boot\spring-boot-actuator\3.3.0\spring-boot-actuator-3.3.0.jar;C:\Users\pgr\.m2\repository\io\micrometer\micrometer-observation\1.13.0\micrometer-observation-1.13.0.jar;C:\Users\pgr\.m2\repository\io\micrometer\micrometer-commons\1.13.0\micrometer-commons-1.13.0.jar;C:\Users\pgr\.m2\repository\io\micrometer\micrometer-jakarta9\1.13.0\micrometer-jakarta9-1.13.0.jar;C:\Users\pgr\.m2\repository\io\micrometer\micrometer-core\1.13.0\micrometer-core-1.13.0.jar;C:\Users\pgr\.m2\repository\org\hdrhistogram\HdrHistogram\2.2.1\HdrHistogram-2.2.1.jar;C:\Users\pgr\.m2\repository\org\latencyutils\LatencyUtils\2.0.3\LatencyUtils-2.0.3.jar;C:\Users\pgr\.m2\repository\org\springframework\boot\spring-boot-starter-test\3.3.1\spring-boot-starter-test-3.3.1.jar;C:\Users\pgr\.m2\repository\org\springframework\boot\spring-boot-test\3.3.0\spring-boot-test-3.3.0.jar;C:\Users\pgr\.m2\repository\org\springframework\boot\spring-boot-test-autoconfigure\3.3.0\spring-boot-test-autoconfigure-3.3.0.jar;C:\Users\pgr\.m2\repository\com\jayway\jsonpath\json-path\2.9.0\json-path-2.9.0.jar;C:\Users\pgr\.m2\repository\jakarta\xml\bind\jakarta.xml.bind-api\4.0.2\jakarta.xml.bind-api-4.0.2.jar;C:\Users\pgr\.m2\repository\jakarta\activation\jakarta.activation-api\2.1.3\jakarta.activation-api-2.1.3.jar;C:\Users\pgr\.m2\repository\net\minidev\json-smart\2.5.1\json-smart-2.5.1.jar;C:\Users\pgr\.m2\repository\net\minidev\accessors-smart\2.5.1\accessors-smart-2.5.1.jar;C:\Users\pgr\.m2\repository\org\ow2\asm\asm\9.6\asm-9.6.jar;C:\Users\pgr\.m2\repository\org\assertj\assertj-core\3.25.3\assertj-core-3.25.3.jar;C:\Users\pgr\.m2\repository\net\bytebuddy\byte-buddy\1.14.16\byte-buddy-1.14.16.jar;C:\Users\pgr\.m2\repository\org\awaitility\awaitility\4.2.1\awaitility-4.2.1.jar;C:\Users\pgr\.m2\repository\org\hamcrest\hamcrest\2.2\hamcrest-2.2.jar;C:\Users\pgr\.m2\repository\org\junit\jupiter\junit-jupiter\5.10.2\junit-jupiter-5.10.2.jar;C:\Users\pgr\.m2\repository\org\junit\jupiter\junit-jupiter-api\5.10.2\junit-jupiter-api-5.10.2.jar;C:\Users\pgr\.m2\repository\org\opentest4j\opentest4j\1.3.0\opentest4j-1.3.0.jar;C:\Users\pgr\.m2\repository\org\apiguardian\apiguardian-api\1.1.2\apiguardian-api-1.1.2.jar;C:\Users\pgr\.m2\repository\org\junit\jupiter\junit-jupiter-params\5.10.2\junit-jupiter-params-5.10.2.jar;C:\Users\pgr\.m2\repository\org\junit\jupiter\junit-jupiter-engine\5.10.2\junit-jupiter-engine-5.10.2.jar;C:\Users\pgr\.m2\repository\org\junit\platform\junit-platform-engine\1.10.2\junit-platform-engine-1.10.2.jar;C:\Users\pgr\.m2\repository\org\mockito\mockito-core\5.11.0\mockito-core-5.11.0.jar;C:\Users\pgr\.m2\repository\net\bytebuddy\byte-buddy-agent\1.14.16\byte-buddy-agent-1.14.16.jar;C:\Users\pgr\.m2\repository\org\objenesis\objenesis\3.3\objenesis-3.3.jar;C:\Users\pgr\.m2\repository\org\mockito\mockito-junit-jupiter\5.11.0\mockito-junit-jupiter-5.11.0.jar;C:\Users\pgr\.m2\repository\org\skyscreamer\jsonassert\1.5.1\jsonassert-1.5.1.jar;C:\Users\pgr\.m2\repository\com\vaadin\external\google\android-json\0.0.20131108.vaadin1\android-json-0.0.20131108.vaadin1.jar;C:\Users\pgr\.m2\repository\org\springframework\spring-core\6.1.8\spring-core-6.1.8.jar;C:\Users\pgr\.m2\repository\org\springframework\spring-jcl\6.1.8\spring-jcl-6.1.8.jar;C:\Users\pgr\.m2\repository\org\springframework\spring-test\6.1.8\spring-test-6.1.8.jar;C:\Users\pgr\.m2\repository\org\xmlunit\xmlunit-core\2.9.1\xmlunit-core-2.9.1.jar;C:\Users\pgr\.m2\repository\io\camunda\spring\spring-boot-starter-camunda-test\8.5.7\spring-boot-starter-camunda-test-8.5.7.jar;C:\Users\pgr\.m2\repository\io\camunda\spring\spring-boot-starter-camunda-test-common\8.5.7\spring-boot-starter-camunda-test-common-8.5.7.jar;C:\Users\pgr\.m2\repository\io\camunda\zeebe-process-test-extension\8.5.4\zeebe-process-test-extension-8.5.4.jar;C:\Users\pgr\.m2\repository\io\camunda\zeebe-process-test-engine\8.5.4\zeebe-process-test-engine-8.5.4.jar;C:\Users\pgr\.m2\repository\io\camunda\zeebe-workflow-engine\8.5.4\zeebe-workflow-engine-8.5.4.jar;C:\Users\pgr\.m2\repository\io\camunda\zeebe-msgpack-core\8.5.4\zeebe-msgpack-core-8.5.4.jar;C:\Users\pgr\.m2\repository\io\camunda\zeebe-expression-language\8.5.4\zeebe-expression-language-8.5.4.jar;C:\Users\pgr\.m2\repository\io\camunda\zeebe-feel-integration\8.5.4\zeebe-feel-integration-8.5.4.jar;C:\Users\pgr\.m2\repository\org\scala-lang\scala-library\2.13.14\scala-library-2.13.14.jar;C:\Users\pgr\.m2\repository\io\camunda\zeebe-dmn\8.5.4\zeebe-dmn-8.5.4.jar;C:\Users\pgr\.m2\repository\org\camunda\bpm\extension\dmn\scala\dmn-engine\1.9.0\dmn-engine-1.9.0.jar;C:\Users\pgr\.m2\repository\org\camunda\bpm\model\camunda-dmn-model\7.20.0\camunda-dmn-model-7.20.0.jar;C:\Users\pgr\.m2\repository\io\camunda\zeebe-auth\8.5.4\zeebe-auth-8.5.4.jar;C:\Users\pgr\.m2\repository\io\prometheus\simpleclient\0.16.0\simpleclient-0.16.0.jar;C:\Users\pgr\.m2\repository\io\prometheus\simpleclient_tracer_otel\0.16.0\simpleclient_tracer_otel-0.16.0.jar;C:\Users\pgr\.m2\repository\io\prometheus\simpleclient_tracer_common\0.16.0\simpleclient_tracer_common-0.16.0.jar;C:\Users\pgr\.m2\repository\io\prometheus\simpleclient_tracer_otel_agent\0.16.0\simpleclient_tracer_otel_agent-0.16.0.jar;C:\Users\pgr\.m2\repository\com\cronutils\cron-utils\9.2.1\cron-utils-9.2.1.jar;C:\Users\pgr\.m2\repository\org\camunda\feel\feel-engine\1.17.7\feel-engine-1.17.7.jar;C:\Users\pgr\.m2\repository\com\lihaoyi\fastparse_2.13\3.0.2\fastparse_2.13-3.0.2.jar;C:\Users\pgr\.m2\repository\com\lihaoyi\sourcecode_2.13\0.3.0\sourcecode_2.13-0.3.0.jar;C:\Users\pgr\.m2\repository\com\lihaoyi\geny_2.13\1.0.0\geny_2.13-1.0.0.jar;C:\Users\pgr\.m2\repository\io\camunda\zeebe-util\8.5.4\zeebe-util-8.5.4.jar;C:\Users\pgr\.m2\repository\org\apache\logging\log4j\log4j-core\2.23.1\log4j-core-2.23.1.jar;C:\Users\pgr\.m2\repository\io\camunda\zeebe-logstreams\8.5.4\zeebe-logstreams-8.5.4.jar;C:\Users\pgr\.m2\repository\com\netflix\concurrency-limits\concurrency-limits-core\0.4.2\concurrency-limits-core-0.4.2.jar;C:\Users\pgr\.m2\repository\io\camunda\zeebe-msgpack-value\8.5.4\zeebe-msgpack-value-8.5.4.jar;C:\Users\pgr\.m2\repository\io\camunda\zeebe-protocol\8.5.4\zeebe-protocol-8.5.4.jar;C:\Users\pgr\.m2\repository\io\camunda\zeebe-protocol-impl\8.5.4\zeebe-protocol-impl-8.5.4.jar;C:\Users\pgr\.m2\repository\org\msgpack\jackson-dataformat-msgpack\0.9.8\jackson-dataformat-msgpack-0.9.8.jar;C:\Users\pgr\.m2\repository\org\msgpack\msgpack-core\0.9.8\msgpack-core-0.9.8.jar;C:\Users\pgr\.m2\repository\io\camunda\zeebe-db\8.5.4\zeebe-db-8.5.4.jar;C:\Users\pgr\.m2\repository\io\camunda\zeebe-snapshots\8.5.4\zeebe-snapshots-8.5.4.jar;C:\Users\pgr\.m2\repository\org\rocksdb\rocksdbjni\8.11.4\rocksdbjni-8.11.4.jar;C:\Users\pgr\.m2\repository\io\camunda\zeebe-scheduler\8.5.4\zeebe-scheduler-8.5.4.jar;C:\Users\pgr\.m2\repository\io\camunda\zeebe-stream-platform\8.5.4\zeebe-stream-platform-8.5.4.jar;C:\Users\pgr\.m2\repository\org\agrona\agrona\1.21.0\agrona-1.21.0.jar;C:\Users\pgr\.m2\repository\io\camunda\zeebe-process-test-assertions\8.5.4\zeebe-process-test-assertions-8.5.4.jar;C:\Users\pgr\.m2\repository\io\camunda\zeebe-process-test-filters\8.5.4\zeebe-process-test-filters-8.5.4.jar;C:\Users\pgr\.m2\repository\io\camunda\zeebe-process-test-api\8.5.4\zeebe-process-test-api-8.5.4.jar;C:\Users\pgr\.m2\repository\org\junit\platform\junit-platform-commons\1.10.2\junit-platform-commons-1.10.2.jar;C:\Users\pgr\.m2\repository\org\testcontainers\localstack\1.19.8\localstack-1.19.8.jar;C:\Users\pgr\.m2\repository\org\testcontainers\testcontainers\1.19.8\testcontainers-1.19.8.jar;C:\Users\pgr\.m2\repository\junit\junit\4.13.2\junit-4.13.2.jar;C:\Users\pgr\.m2\repository\org\hamcrest\hamcrest-core\2.2\hamcrest-core-2.2.jar;C:\Users\pgr\.m2\repository\org\apache\commons\commons-compress\1.24.0\commons-compress-1.24.0.jar;C:\Users\pgr\.m2\repository\org\rnorth\duct-tape\duct-tape\1.0.8\duct-tape-1.0.8.jar;C:\Users\pgr\.m2\repository\org\jetbrains\annotations\17.0.0\annotations-17.0.0.jar;C:\Users\pgr\.m2\repository\com\github\docker-java\docker-java-api\3.3.6\docker-java-api-3.3.6.jar;C:\Users\pgr\.m2\repository\com\github\docker-java\docker-java-transport-zerodep\3.3.6\docker-java-transport-zerodep-3.3.6.jar;C:\Users\pgr\.m2\repository\com\github\docker-java\docker-java-transport\3.3.6\docker-java-transport-3.3.6.jar;C:\Users\pgr\.m2\repository\net\java\dev\jna\jna\5.13.0\jna-5.13.0.jar;C:\Users\pgr\.m2\repository\org\testcontainers\junit-jupiter\1.19.8\junit-jupiter-1.19.8.jar;C:\Users\pgr\.m2\repository\org\camunda\community\process_test_coverage\camunda-process-test-coverage-junit5-platform-8\2.6.0\camunda-process-test-coverage-junit5-platform-8-2.6.0.jar;C:\Users\pgr\.m2\repository\org\camunda\community\process_test_coverage\camunda-process-test-coverage-junit5-common\2.6.0\camunda-process-test-coverage-junit5-common-2.6.0.jar;C:\Users\pgr\.m2\repository\org\camunda\community\process_test_coverage\camunda-process-test-coverage-core\2.6.0\camunda-process-test-coverage-core-2.6.0.jar;C:\Users\pgr\.m2\repository\org\camunda\community\process_test_coverage\camunda-process-test-coverage-engine-platform-8\2.6.0\camunda-process-test-coverage-engine-platform-8-2.6.0.jar;C:\Users\pgr\.m2\repository\org\camunda\community\process_test_coverage\camunda-process-test-coverage-report-generator\2.6.0\camunda-process-test-coverage-report-generator-2.6.0.jar;C:\Users\pgr\.m2\repository\org\apache\commons\commons-lang3\3.14.0\commons-lang3-3.14.0.jar;C:\Users\pgr\.m2\repository\io\github\microutils\kotlin-logging-jvm\3.0.5\kotlin-logging-jvm-3.0.5.jar;C:\Users\pgr\.m2\repository\org\jetbrains\kotlin\kotlin-stdlib-jdk8\1.9.24\kotlin-stdlib-jdk8-1.9.24.jar;C:\Users\pgr\.m2\repository\org\jetbrains\kotlin\kotlin-stdlib\1.9.24\kotlin-stdlib-1.9.24.jar;C:\Users\pgr\.m2\repository\org\jetbrains\kotlin\kotlin-stdlib-jdk7\1.9.24\kotlin-stdlib-jdk7-1.9.24.jar;C:\Users\pgr\.m2\repository\org\jetbrains\kotlin\kotlin-stdlib-common\1.9.24\kotlin-stdlib-common-1.9.24.jar;"/>
    <property name="sun.cpu.endian" value="little"/>
    <property name="user.home" value="C:\Users\pgr"/>
    <property name="user.language" value="de"/>
    <property name="java.specification.vendor" value="Oracle Corporation"/>
    <property name="java.version.date" value="2023-10-17"/>
    <property name="java.home" value="C:\Program Files\Java\openjdk-21.0.1"/>
    <property name="file.separator" value="\"/>
    <property name="basedir" value="C:\Users\pgr\IdeaProjects\demo-camunda-aws-s3-connector\exampleProject1"/>
    <property name="java.vm.compressedOopsMode" value="Zero based"/>
    <property name="line.separator" value="&#10;"/>
    <property name="java.vm.specification.vendor" value="Oracle Corporation"/>
    <property name="java.specification.name" value="Java Platform API Specification"/>
    <property name="FILE_LOG_CHARSET" value="UTF-8"/>
    <property name="java.awt.headless" value="true"/>
    <property name="AWS_ACCESS_KEY" value="test"/>
    <property name="surefire.real.class.path" value="C:\Users\pgr\AppData\Local\Temp\surefire14430339261627007068\surefirebooter-20240729112119027_3.jar"/>
    <property name="user.script" value=""/>
    <property name="sun.management.compiler" value="HotSpot 64-Bit Tiered Compilers"/>
    <property name="java.runtime.version" value="21.0.1+12-29"/>
    <property name="user.name" value="pgr"/>
    <property name="stdout.encoding" value="Cp1252"/>
    <property name="path.separator" value=";"/>
    <property name="os.version" value="10.0"/>
    <property name="java.runtime.name" value="OpenJDK Runtime Environment"/>
    <property name="file.encoding" value="UTF-8"/>
    <property name="java.vm.name" value="OpenJDK 64-Bit Server VM"/>
    <property name="localRepository" value="C:\Users\pgr\.m2\repository"/>
    <property name="java.vendor.url.bug" value="https://bugreport.java.com/bugreport/"/>
    <property name="java.io.tmpdir" value="C:\Users\pgr\AppData\Local\Temp\"/>
    <property name="idea.version" value="2023.3.4"/>
    <property name="java.version" value="21.0.1"/>
    <property name="user.dir" value="C:\Users\pgr\IdeaProjects\demo-camunda-aws-s3-connector\exampleProject1"/>
    <property name="os.arch" value="amd64"/>
    <property name="java.vm.specification.name" value="Java Virtual Machine Specification"/>
    <property name="PID" value="2752"/>
    <property name="sun.os.patch.level" value=""/>
    <property name="CONSOLE_LOG_CHARSET" value="UTF-8"/>
    <property name="native.encoding" value="Cp1252"/>
    <property name="java.library.path" value="C:\Program Files\Java\openjdk-21.0.1\bin;C:\WINDOWS\Sun\Java\bin;C:\WINDOWS\system32;C:\WINDOWS;C:\WINDOWS\system32;C:\WINDOWS;C:\WINDOWS\System32\Wbem;C:\WINDOWS\System32\WindowsPowerShell\v1.0\;C:\WINDOWS\System32\OpenSSH\;C:\Program Files\Intel\WiFi\bin\;C:\Program Files\Common Files\Intel\WirelessCommon\;C:\Program Files\Rancher Desktop\resources\resources\win32\bin\;C:\Program Files\Rancher Desktop\resources\resources\linux\bin\;C:\Program Files\apache-maven-3.9.6\bin;C:\Program Files\PuTTY\;C:\Program Files\Git\cmd;C:\Program Files\nodejs\;C:\Ruby32-x64\bin;C:\Users\pgr\scoop\shims;C:\Users\pgr\AppData\Local\Microsoft\WindowsApps;C:\Users\pgr\AppData\Roaming\npm;C:\Program Files\Java\openjdk-21.0.1\bin;C:\Users\pgr\AppData\Local\Programs\Microsoft VS Code\bin;."/>
    <property name="java.vm.info" value="mixed mode, sharing"/>
    <property name="stderr.encoding" value="Cp1252"/>
    <property name="java.vendor" value="Oracle Corporation"/>
    <property name="java.vm.version" value="21.0.1+12-29"/>
    <property name="sun.io.unicode.encoding" value="UnicodeLittle"/>
    <property name="java.class.version" value="65.0"/>
  </properties>
  <testcase name="test_happy_path" classname="basisExampleProjectTest.BasicExampleProcessIntTest" time="0.009">
    <error message="Failed to load ApplicationContext for [WebMergedContextConfiguration@568ef502 testClass = basisExampleProjectTest.BasicExampleProcessIntTest, locations = [], classes = [info.novatec.bpm.camunda.ExampleProcessApplication], contextInitializerClasses = [], activeProfiles = [], propertySourceDescriptors = [], propertySourceProperties = [&quot;org.springframework.boot.test.context.SpringBootTestContextBootstrapper=true&quot;], contextCustomizers = [[ImportsContextCustomizer@36f05595 key = [io.camunda.zeebe.spring.test.CamundaTestAutoConfiguration]], org.springframework.boot.test.context.filter.ExcludeFilterContextCustomizer@23d1e5d0, org.springframework.boot.test.json.DuplicateJsonObjectContextCustomizerFactory$DuplicateJsonObjectContextCustomizer@37ddb69a, org.springframework.boot.test.mock.mockito.MockitoContextCustomizer@0, org.springframework.boot.test.web.client.TestRestTemplateContextCustomizer@3a0d172f, org.springframework.boot.test.autoconfigure.actuate.observability.ObservabilityContextCustomizerFactory$DisableObservabilityContextCustomizer@1f, org.springframework.boot.test.autoconfigure.properties.PropertyMappingContextCustomizer@0, org.springframework.boot.test.autoconfigure.web.servlet.WebDriverContextCustomizer@7fe7c640, org.springframework.test.context.support.DynamicPropertiesContextCustomizer@f85a7c08, org.springframework.boot.test.context.SpringBootTestAnnotation@4c4625a7], resourceBasePath = &quot;src/main/webapp&quot;, contextLoader = org.springframework.boot.test.context.SpringBootContextLoader, parent = null]" type="java.lang.IllegalStateException"><![CDATA[java.lang.IllegalStateException: Failed to load ApplicationContext for [WebMergedContextConfiguration@568ef502 testClass = basisExampleProjectTest.BasicExampleProcessIntTest, locations = [], classes = [info.novatec.bpm.camunda.ExampleProcessApplication], contextInitializerClasses = [], activeProfiles = [], propertySourceDescriptors = [], propertySourceProperties = ["org.springframework.boot.test.context.SpringBootTestContextBootstrapper=true"], contextCustomizers = [[ImportsContextCustomizer@36f05595 key = [io.camunda.zeebe.spring.test.CamundaTestAutoConfiguration]], org.springframework.boot.test.context.filter.ExcludeFilterContextCustomizer@23d1e5d0, org.springframework.boot.test.json.DuplicateJsonObjectContextCustomizerFactory$DuplicateJsonObjectContextCustomizer@37ddb69a, org.springframework.boot.test.mock.mockito.MockitoContextCustomizer@0, org.springframework.boot.test.web.client.TestRestTemplateContextCustomizer@3a0d172f, org.springframework.boot.test.autoconfigure.actuate.observability.ObservabilityContextCustomizerFactory$DisableObservabilityContextCustomizer@1f, org.springframework.boot.test.autoconfigure.properties.PropertyMappingContextCustomizer@0, org.springframework.boot.test.autoconfigure.web.servlet.WebDriverContextCustomizer@7fe7c640, org.springframework.test.context.support.DynamicPropertiesContextCustomizer@f85a7c08, org.springframework.boot.test.context.SpringBootTestAnnotation@4c4625a7], resourceBasePath = "src/main/webapp", contextLoader = org.springframework.boot.test.context.SpringBootContextLoader, parent = null]
	at org.springframework.test.context.cache.DefaultCacheAwareContextLoaderDelegate.loadContext(DefaultCacheAwareContextLoaderDelegate.java:180)
	at org.springframework.test.context.support.DefaultTestContext.getApplicationContext(DefaultTestContext.java:130)
	at org.springframework.test.context.web.ServletTestExecutionListener.setUpRequestContextIfNecessary(ServletTestExecutionListener.java:191)
	at org.springframework.test.context.web.ServletTestExecutionListener.prepareTestInstance(ServletTestExecutionListener.java:130)
	at org.springframework.test.context.TestContextManager.prepareTestInstance(TestContextManager.java:260)
	at org.springframework.test.context.junit.jupiter.SpringExtension.postProcessTestInstance(SpringExtension.java:163)
	at java.base/java.util.stream.ReferencePipeline$3$1.accept(ReferencePipeline.java:197)
	at java.base/java.util.stream.ReferencePipeline$2$1.accept(ReferencePipeline.java:179)
	at java.base/java.util.ArrayList$ArrayListSpliterator.forEachRemaining(ArrayList.java:1708)
	at java.base/java.util.stream.AbstractPipeline.copyInto(AbstractPipeline.java:509)
	at java.base/java.util.stream.AbstractPipeline.wrapAndCopyInto(AbstractPipeline.java:499)
	at java.base/java.util.stream.StreamSpliterators$WrappingSpliterator.forEachRemaining(StreamSpliterators.java:310)
	at java.base/java.util.stream.Streams$ConcatSpliterator.forEachRemaining(Streams.java:735)
	at java.base/java.util.stream.Streams$ConcatSpliterator.forEachRemaining(Streams.java:734)
	at java.base/java.util.stream.ReferencePipeline$Head.forEach(ReferencePipeline.java:762)
	at java.base/java.util.Optional.orElseGet(Optional.java:364)
	at java.base/java.util.ArrayList.forEach(ArrayList.java:1596)
	at java.base/java.util.ArrayList.forEach(ArrayList.java:1596)
Caused by: org.springframework.beans.factory.BeanCreationException: Error creating bean with name 'basicFileOperationAdapter': Invocation of init method failed
	at org.springframework.beans.factory.annotation.InitDestroyAnnotationBeanPostProcessor.postProcessBeforeInitialization(InitDestroyAnnotationBeanPostProcessor.java:222)
	at org.springframework.beans.factory.support.AbstractAutowireCapableBeanFactory.applyBeanPostProcessorsBeforeInitialization(AbstractAutowireCapableBeanFactory.java:422)
	at org.springframework.beans.factory.support.AbstractAutowireCapableBeanFactory.initializeBean(AbstractAutowireCapableBeanFactory.java:1780)
	at org.springframework.beans.factory.support.AbstractAutowireCapableBeanFactory.doCreateBean(AbstractAutowireCapableBeanFactory.java:600)
	at org.springframework.beans.factory.support.AbstractAutowireCapableBeanFactory.createBean(AbstractAutowireCapableBeanFactory.java:522)
	at org.springframework.beans.factory.support.AbstractBeanFactory.lambda$doGetBean$0(AbstractBeanFactory.java:337)
	at org.springframework.beans.factory.support.DefaultSingletonBeanRegistry.getSingleton(DefaultSingletonBeanRegistry.java:234)
	at org.springframework.beans.factory.support.AbstractBeanFactory.doGetBean(AbstractBeanFactory.java:335)
	at org.springframework.beans.factory.support.AbstractBeanFactory.getBean(AbstractBeanFactory.java:200)
	at org.springframework.beans.factory.support.DefaultListableBeanFactory.preInstantiateSingletons(DefaultListableBeanFactory.java:975)
	at org.springframework.context.support.AbstractApplicationContext.finishBeanFactoryInitialization(AbstractApplicationContext.java:962)
	at org.springframework.context.support.AbstractApplicationContext.refresh(AbstractApplicationContext.java:624)
	at org.springframework.boot.SpringApplication.refresh(SpringApplication.java:754)
	at org.springframework.boot.SpringApplication.refreshContext(SpringApplication.java:456)
	at org.springframework.boot.SpringApplication.run(SpringApplication.java:335)
	at org.springframework.boot.test.context.SpringBootContextLoader.lambda$loadContext$3(SpringBootContextLoader.java:137)
	at org.springframework.util.function.ThrowingSupplier.get(ThrowingSupplier.java:58)
	at org.springframework.util.function.ThrowingSupplier.get(ThrowingSupplier.java:46)
	at org.springframework.boot.SpringApplication.withHook(SpringApplication.java:1463)
	at org.springframework.boot.test.context.SpringBootContextLoader$ContextLoaderHook.run(SpringBootContextLoader.java:553)
	at org.springframework.boot.test.context.SpringBootContextLoader.loadContext(SpringBootContextLoader.java:137)
	at org.springframework.boot.test.context.SpringBootContextLoader.loadContext(SpringBootContextLoader.java:108)
	at org.springframework.test.context.cache.DefaultCacheAwareContextLoaderDelegate.loadContextInternal(DefaultCacheAwareContextLoaderDelegate.java:225)
	at org.springframework.test.context.cache.DefaultCacheAwareContextLoaderDelegate.loadContext(DefaultCacheAwareContextLoaderDelegate.java:152)
	... 17 more
Caused by: java.lang.RuntimeException: Cannot invoke public abstract io.camunda.zeebe.client.api.command.DeployProcessCommandStep1 io.camunda.zeebe.client.ZeebeClient.newDeployCommand() on ZeebeClient, as ZeebeClient is currently not initialized. Maybe you run outside of a testcase?
	at io.camunda.zeebe.spring.test.proxy.ZeebeClientProxy.handleInvocation(ZeebeClientProxy.java:28)
	at io.camunda.zeebe.spring.test.proxy.AbstractInvocationHandler.invoke(AbstractInvocationHandler.java:40)
	at jdk.proxy2/jdk.proxy2.$Proxy103.newDeployCommand(Unknown Source)
	at com.example.DeploymentWorkerInitializer.deployBpmnFile(DeploymentWorkerInitializer.java:28)
	at info.novatec.bpm.camunda.basisExampleProject.adapter.in.BasicFileOperationAdapter.deploymentWorker(BasicFileOperationAdapter.java:36)
	at java.base/java.lang.reflect.Method.invoke(Method.java:580)
	at org.springframework.beans.factory.annotation.InitDestroyAnnotationBeanPostProcessor$LifecycleMethod.invoke(InitDestroyAnnotationBeanPostProcessor.java:457)
	at org.springframework.beans.factory.annotation.InitDestroyAnnotationBeanPostProcessor$LifecycleMetadata.invokeInitMethods(InitDestroyAnnotationBeanPostProcessor.java:401)
	at org.springframework.beans.factory.annotation.InitDestroyAnnotationBeanPostProcessor.postProcessBeforeInitialization(InitDestroyAnnotationBeanPostProcessor.java:219)
	... 40 more
]]></error>
    <system-out><![CDATA[Standard Commons Logging discovery in action with spring-jcl: please remove commons-logging.jar from classpath in order to avoid potential conflicts
2024-07-29 11:21:19,993 [main] INFO  o.testcontainers.images.PullPolicy - Image pull policy will be performed by: DefaultPullPolicy()
2024-07-29 11:21:19,998 [main] INFO  o.t.utility.ImageNameSubstitutor - Image name substitution will be performed by: DefaultImageNameSubstitutor (composite of 'ConfigurationFileImageNameSubstitutor' and 'PrefixingImageNameSubstitutor')
2024-07-29 11:21:20,197 [main] INFO  o.t.d.DockerClientProviderStrategy - Loaded org.testcontainers.dockerclient.NpipeSocketClientProviderStrategy from ~/.testcontainers.properties, will try it first
2024-07-29 11:21:20,430 [main] INFO  o.t.d.DockerClientProviderStrategy - Found Docker environment with local Npipe socket (npipe:////./pipe/docker_engine)
2024-07-29 11:21:20,435 [main] INFO  o.testcontainers.DockerClientFactory - Docker host IP address is localhost
2024-07-29 11:21:20,448 [main] INFO  o.testcontainers.DockerClientFactory - Connected to docker: 
  Server Version: 23.0.6
  API Version: 1.42
  Operating System: Rancher Desktop WSL Distribution
  Total Memory: 15858 MB
2024-07-29 11:21:20,479 [main] INFO  tc.testcontainers/ryuk:0.7.0 - Creating container for image: testcontainers/ryuk:0.7.0
2024-07-29 11:21:20,570 [main] INFO  o.t.utility.RegistryAuthLocator - Credential helper/store (docker-credential-wincred) does not have credentials for https://index.docker.io/v1/
2024-07-29 11:21:20,663 [main] INFO  tc.testcontainers/ryuk:0.7.0 - Container testcontainers/ryuk:0.7.0 is starting: 6a20c5dd2691159cd772e20e3c0f0f88cb81748ac1d218d7e1733a3291670943
2024-07-29 11:21:21,248 [main] INFO  tc.testcontainers/ryuk:0.7.0 - Container testcontainers/ryuk:0.7.0 started in PT0.7697228S
2024-07-29 11:21:21,253 [main] INFO  o.t.utility.RyukResourceReaper - Ryuk started - will monitor and terminate Testcontainers containers on JVM exit
2024-07-29 11:21:21,253 [main] INFO  o.testcontainers.DockerClientFactory - Checking the system...
2024-07-29 11:21:21,254 [main] INFO  o.testcontainers.DockerClientFactory - ✔︎ Docker server version should be at least 1.6.0
2024-07-29 11:21:21,254 [main] INFO  tc.localstack/localstack:0.11.3 - HOSTNAME_EXTERNAL environment variable set to localhost (to match host-routable address for container)
2024-07-29 11:21:21,255 [main] INFO  tc.localstack/localstack:0.11.3 - Creating container for image: localstack/localstack:0.11.3
2024-07-29 11:21:22,441 [main] INFO  tc.localstack/localstack:0.11.3 - Container localstack/localstack:0.11.3 is starting: 59e01823cb16a7ceee37f072d31ca3f12dea5de02993edb1882cae610f6249d0
2024-07-29 11:21:35,821 [main] INFO  tc.localstack/localstack:0.11.3 - Container localstack/localstack:0.11.3 started in PT14.5656425S
  .   ____          _            __ _ _
 /\\ / ___'_ __ _ _(_)_ __  __ _ \ \ \ \
( ( )\___ | '_ | '_| | '_ \/ _` | \ \ \ \
 \\/  ___)| |_)| | | | | || (_| |  ) ) ) )
  '  |____| .__|_| |_|_| |_\__, | / / / /
 =========|_|==============|___/=/_/_/_/

 :: Spring Boot ::                (v3.3.0)

2024-07-29 11:21:36,054 [background-preinit] INFO  o.h.validator.internal.util.Version - HV000001: Hibernate Validator 8.0.1.Final
2024-07-29 11:21:36,085 [main] INFO  b.BasicExampleProcessIntTest - Starting BasicExampleProcessIntTest using Java 21.0.1 with PID 2752 (started by pgr in C:\Users\pgr\IdeaProjects\demo-camunda-aws-s3-connector\exampleProject1)
2024-07-29 11:21:36,086 [main] INFO  b.BasicExampleProcessIntTest - No active profile set, falling back to 1 default profile: "default"
2024-07-29 11:21:37,039 [main] WARN  o.s.c.s.PostProcessorRegistrationDelegate$BeanPostProcessorChecker - Bean 'io.camunda.zeebe.spring.client.annotation.processor.AnnotationProcessorConfiguration' of type [io.camunda.zeebe.spring.client.annotation.processor.AnnotationProcessorConfiguration] is not eligible for getting processed by all BeanPostProcessors (for example: not eligible for auto-proxying). The currently created BeanPostProcessor [zeebeAnnotationProcessorRegistry] is declared through a non-static factory method on that class; consider declaring it as static instead.
2024-07-29 11:21:37,041 [main] WARN  o.s.c.s.PostProcessorRegistrationDelegate$BeanPostProcessorChecker - Bean 'io.camunda.connector.runtime.outbound.OutboundConnectorRuntimeConfiguration' of type [io.camunda.connector.runtime.outbound.OutboundConnectorRuntimeConfiguration$$SpringCGLIB$$0] is not eligible for getting processed by all BeanPostProcessors (for example: not eligible for auto-proxying). Is this bean getting eagerly injected into a currently created BeanPostProcessor [zeebeAnnotationProcessorRegistry]? Check the corresponding BeanPostProcessor declaration and its dependencies.
2024-07-29 11:21:37,050 [main] WARN  o.s.c.s.PostProcessorRegistrationDelegate$BeanPostProcessorChecker - Bean 'zeebe.client-io.camunda.zeebe.spring.client.properties.ZeebeClientConfigurationProperties' of type [io.camunda.zeebe.spring.client.properties.ZeebeClientConfigurationProperties] is not eligible for getting processed by all BeanPostProcessors (for example: not eligible for auto-proxying). Is this bean getting eagerly injected into a currently created BeanPostProcessor [zeebeAnnotationProcessorRegistry]? Check the corresponding BeanPostProcessor declaration and its dependencies.
2024-07-29 11:21:37,074 [main] WARN  o.s.c.s.PostProcessorRegistrationDelegate$BeanPostProcessorChecker - Bean 'camunda.client-io.camunda.zeebe.spring.client.properties.CamundaClientProperties' of type [io.camunda.zeebe.spring.client.properties.CamundaClientProperties] is not eligible for getting processed by all BeanPostProcessors (for example: not eligible for auto-proxying). Is this bean getting eagerly injected into a currently created BeanPostProcessor [zeebeAnnotationProcessorRegistry]? Check the corresponding BeanPostProcessor declaration and its dependencies.
2024-07-29 11:21:37,075 [main] WARN  o.s.c.s.PostProcessorRegistrationDelegate$BeanPostProcessorChecker - Bean 'io.camunda.zeebe.spring.client.configuration.ZeebeClientAllAutoConfiguration' of type [io.camunda.zeebe.spring.client.configuration.ZeebeClientAllAutoConfiguration] is not eligible for getting processed by all BeanPostProcessors (for example: not eligible for auto-proxying). Is this bean getting eagerly injected into a currently created BeanPostProcessor [zeebeAnnotationProcessorRegistry]? Check the corresponding BeanPostProcessor declaration and its dependencies.
2024-07-29 11:21:37,076 [main] WARN  o.s.c.s.PostProcessorRegistrationDelegate$BeanPostProcessorChecker - Bean 'zeebeClientExecutorService' of type [io.camunda.zeebe.spring.client.jobhandling.ZeebeClientExecutorService] is not eligible for getting processed by all BeanPostProcessors (for example: not eligible for auto-proxying). Is this bean getting eagerly injected into a currently created BeanPostProcessor [zeebeAnnotationProcessorRegistry]? Check the corresponding BeanPostProcessor declaration and its dependencies.
2024-07-29 11:21:37,079 [main] WARN  o.s.c.s.PostProcessorRegistrationDelegate$BeanPostProcessorChecker - Bean 'commandExceptionHandlingStrategy' of type [io.camunda.zeebe.spring.client.jobhandling.DefaultCommandExceptionHandlingStrategy] is not eligible for getting processed by all BeanPostProcessors (for example: not eligible for auto-proxying). Is this bean getting eagerly injected into a currently created BeanPostProcessor [zeebeAnnotationProcessorRegistry]? Check the corresponding BeanPostProcessor declaration and its dependencies.
2024-07-29 11:21:37,080 [main] WARN  o.s.c.s.PostProcessorRegistrationDelegate$BeanPostProcessorChecker - Bean 'io.camunda.zeebe.spring.client.configuration.ZeebeActuatorConfiguration' of type [io.camunda.zeebe.spring.client.configuration.ZeebeActuatorConfiguration] is not eligible for getting processed by all BeanPostProcessors (for example: not eligible for auto-proxying). Is this bean getting eagerly injected into a currently created BeanPostProcessor [zeebeAnnotationProcessorRegistry]? Check the corresponding BeanPostProcessor declaration and its dependencies.
2024-07-29 11:21:37,104 [main] INFO  i.c.z.s.c.a.MicrometerMetricsRecorder - Enabling Micrometer based metrics for spring-zeebe (available via Actuator)
2024-07-29 11:21:37,105 [main] WARN  o.s.c.s.PostProcessorRegistrationDelegate$BeanPostProcessorChecker - Bean 'micrometerMetricsRecorder' of type [io.camunda.zeebe.spring.client.actuator.MicrometerMetricsRecorder] is not eligible for getting processed by all BeanPostProcessors (for example: not eligible for auto-proxying). Is this bean getting eagerly injected into a currently created BeanPostProcessor [zeebeAnnotationProcessorRegistry]? Check the corresponding BeanPostProcessor declaration and its dependencies.
2024-07-29 11:21:37,109 [main] WARN  o.s.c.s.PostProcessorRegistrationDelegate$BeanPostProcessorChecker - Bean 'io.camunda.connector.runtime.OutboundConnectorsAutoConfiguration' of type [io.camunda.connector.runtime.OutboundConnectorsAutoConfiguration] is not eligible for getting processed by all BeanPostProcessors (for example: not eligible for auto-proxying). Is this bean getting eagerly injected into a currently created BeanPostProcessor [zeebeAnnotationProcessorRegistry]? Check the corresponding BeanPostProcessor declaration and its dependencies.
2024-07-29 11:21:37,270 [main] INFO  org.camunda.feel.FeelEngine - Engine created. [value-mapper: CompositeValueMapper(List(org.camunda.feel.impl.JavaValueMapper@71beada8)), function-provider: io.camunda.connector.feel.FeelConnectorFunctionProvider@4e51eda7, clock: SystemClock, configuration: {externalFunctionsEnabled: false}]
2024-07-29 11:21:37,376 [main] INFO  org.camunda.feel.FeelEngine - Engine created. [value-mapper: CompositeValueMapper(List(org.camunda.feel.impl.JavaValueMapper@52d59507)), function-provider: io.camunda.connector.feel.FeelConnectorFunctionProvider@30665461, clock: SystemClock, configuration: {externalFunctionsEnabled: false}]
2024-07-29 11:21:37,387 [main] WARN  o.s.c.s.PostProcessorRegistrationDelegate$BeanPostProcessorChecker - Bean 'objectMapper' of type [com.fasterxml.jackson.databind.json.JsonMapper] is not eligible for getting processed by all BeanPostProcessors (for example: not eligible for auto-proxying). Is this bean getting eagerly injected into a currently created BeanPostProcessor [zeebeAnnotationProcessorRegistry]? Check the corresponding BeanPostProcessor declaration and its dependencies.
2024-07-29 11:21:37,388 [main] WARN  o.s.c.s.PostProcessorRegistrationDelegate$BeanPostProcessorChecker - Bean 'io.camunda.zeebe.spring.client.configuration.JsonMapperConfiguration' of type [io.camunda.zeebe.spring.client.configuration.JsonMapperConfiguration$$SpringCGLIB$$0] is not eligible for getting processed by all BeanPostProcessors (for example: not eligible for auto-proxying). Is this bean getting eagerly injected into a currently created BeanPostProcessor [zeebeAnnotationProcessorRegistry]? Check the corresponding BeanPostProcessor declaration and its dependencies.
2024-07-29 11:21:37,389 [main] WARN  o.s.c.s.PostProcessorRegistrationDelegate$BeanPostProcessorChecker - Bean 'zeebeJsonMapper' of type [io.camunda.zeebe.client.impl.ZeebeObjectMapper] is not eligible for getting processed by all BeanPostProcessors (for example: not eligible for auto-proxying). Is this bean getting eagerly injected into a currently created BeanPostProcessor [zeebeAnnotationProcessorRegistry]? Check the corresponding BeanPostProcessor declaration and its dependencies.
2024-07-29 11:21:37,390 [main] WARN  o.s.c.s.PostProcessorRegistrationDelegate$BeanPostProcessorChecker - Bean 'parameterResolverStrategy' of type [io.camunda.zeebe.spring.client.jobhandling.parameter.DefaultParameterResolverStrategy] is not eligible for getting processed by all BeanPostProcessors (for example: not eligible for auto-proxying). Is this bean getting eagerly injected into a currently created BeanPostProcessor [zeebeAnnotationProcessorRegistry]? Check the corresponding BeanPostProcessor declaration and its dependencies.
2024-07-29 11:21:37,391 [main] WARN  o.s.c.s.PostProcessorRegistrationDelegate$BeanPostProcessorChecker - Bean 'jobWorkerManager' of type [io.camunda.zeebe.spring.client.jobhandling.JobWorkerManager] is not eligible for getting processed by all BeanPostProcessors (for example: not eligible for auto-proxying). Is this bean getting eagerly injected into a currently created BeanPostProcessor [zeebeAnnotationProcessorRegistry]? Check the corresponding BeanPostProcessor declaration and its dependencies.
2024-07-29 11:21:37,398 [main] WARN  o.s.c.s.PostProcessorRegistrationDelegate$BeanPostProcessorChecker - Bean 'outboundConnectorFactory' of type [io.camunda.connector.runtime.core.outbound.DefaultOutboundConnectorFactory] is not eligible for getting processed by all BeanPostProcessors (for example: not eligible for auto-proxying). Is this bean getting eagerly injected into a currently created BeanPostProcessor [zeebeAnnotationProcessorRegistry]? Check the corresponding BeanPostProcessor declaration and its dependencies.
2024-07-29 11:21:37,400 [main] INFO  i.c.c.r.s.EnvironmentSecretProvider - No prefix has been configured, all environment variables are available as connector secrets
2024-07-29 11:21:37,400 [main] WARN  o.s.c.s.PostProcessorRegistrationDelegate$BeanPostProcessorChecker - Bean 'defaultSecretProvider' of type [io.camunda.connector.runtime.secret.EnvironmentSecretProvider] is not eligible for getting processed by all BeanPostProcessors (for example: not eligible for auto-proxying). Is this bean getting eagerly injected into a currently created BeanPostProcessor [zeebeAnnotationProcessorRegistry]? Check the corresponding BeanPostProcessor declaration and its dependencies.
2024-07-29 11:21:37,402 [main] WARN  o.s.c.s.PostProcessorRegistrationDelegate$BeanPostProcessorChecker - Bean 'springSecretProviderAggregator' of type [io.camunda.connector.runtime.core.secret.SecretProviderAggregator] is not eligible for getting processed by all BeanPostProcessors (for example: not eligible for auto-proxying). Is this bean getting eagerly injected into a currently created BeanPostProcessor [zeebeAnnotationProcessorRegistry]? Check the corresponding BeanPostProcessor declaration and its dependencies.
2024-07-29 11:21:37,405 [main] WARN  o.s.c.s.PostProcessorRegistrationDelegate$BeanPostProcessorChecker - Bean 'outboundConnectorManager' of type [io.camunda.connector.runtime.outbound.lifecycle.OutboundConnectorManager] is not eligible for getting processed by all BeanPostProcessors (for example: not eligible for auto-proxying). Is this bean getting eagerly injected into a currently created BeanPostProcessor [zeebeAnnotationProcessorRegistry]? Check the corresponding BeanPostProcessor declaration and its dependencies.
2024-07-29 11:21:37,407 [main] WARN  o.s.c.s.PostProcessorRegistrationDelegate$BeanPostProcessorChecker - Bean 'annotationProcessor' of type [io.camunda.connector.runtime.outbound.lifecycle.OutboundConnectorAnnotationProcessor] is not eligible for getting processed by all BeanPostProcessors (for example: not eligible for auto-proxying). Is this bean getting eagerly injected into a currently created BeanPostProcessor [zeebeAnnotationProcessorRegistry]? Check the corresponding BeanPostProcessor declaration and its dependencies.
2024-07-29 11:21:37,409 [main] WARN  o.s.c.s.PostProcessorRegistrationDelegate$BeanPostProcessorChecker - Bean 'deploymentPostProcessor' of type [io.camunda.zeebe.spring.client.annotation.processor.ZeebeDeploymentAnnotationProcessor] is not eligible for getting processed by all BeanPostProcessors (for example: not eligible for auto-proxying). Is this bean getting eagerly injected into a currently created BeanPostProcessor [zeebeAnnotationProcessorRegistry]? Check the corresponding BeanPostProcessor declaration and its dependencies.
2024-07-29 11:21:37,422 [main] WARN  o.s.c.s.PostProcessorRegistrationDelegate$BeanPostProcessorChecker - Bean 'propertyBasedZeebeWorkerValueCustomizer' of type [io.camunda.zeebe.spring.client.properties.PropertyBasedZeebeWorkerValueCustomizer] is not eligible for getting processed by all BeanPostProcessors (for example: not eligible for auto-proxying). Is this bean getting eagerly injected into a currently created BeanPostProcessor [zeebeAnnotationProcessorRegistry]? Check the corresponding BeanPostProcessor declaration and its dependencies.
2024-07-29 11:21:37,424 [main] WARN  o.s.c.s.PostProcessorRegistrationDelegate$BeanPostProcessorChecker - Bean 'zeebeWorkerPostProcessor' of type [io.camunda.zeebe.spring.client.annotation.processor.ZeebeWorkerAnnotationProcessor] is not eligible for getting processed by all BeanPostProcessors (for example: not eligible for auto-proxying). Is this bean getting eagerly injected into a currently created BeanPostProcessor [zeebeAnnotationProcessorRegistry]? Check the corresponding BeanPostProcessor declaration and its dependencies.
2024-07-29 11:21:37,447 [main] INFO  i.n.b.c.c.a.s.a.o.l.LocalFileAdapter - Initialized local file adapter base path: C:\Users\pgr\AppData\Local\Temp\connector-files-17431567069543865979
2024-07-29 11:21:37,455 [main] WARN  o.s.w.c.s.GenericWebApplicationContext - Exception encountered during context initialization - cancelling refresh attempt: org.springframework.beans.factory.BeanCreationException: Error creating bean with name 'basicFileOperationAdapter': Invocation of init method failed
2024-07-29 11:21:37,456 [main] WARN  o.s.b.f.s.DisposableBeanAdapter - Invocation of close method failed on bean with name 'proxiedZeebeClient': java.lang.RuntimeException: Cannot invoke public abstract void io.camunda.zeebe.client.ZeebeClient.close() on ZeebeClient, as ZeebeClient is currently not initialized. Maybe you run outside of a testcase?
2024-07-29 11:21:37,465 [main] INFO  o.s.b.a.l.ConditionEvaluationReportLogger - 

Error starting ApplicationContext. To display the condition evaluation report re-run your application with 'debug' enabled.
2024-07-29 11:21:37,483 [main] ERROR o.s.boot.SpringApplication - Application run failed
org.springframework.beans.factory.BeanCreationException: Error creating bean with name 'basicFileOperationAdapter': Invocation of init method failed
	at org.springframework.beans.factory.annotation.InitDestroyAnnotationBeanPostProcessor.postProcessBeforeInitialization(InitDestroyAnnotationBeanPostProcessor.java:222)
	at org.springframework.beans.factory.support.AbstractAutowireCapableBeanFactory.applyBeanPostProcessorsBeforeInitialization(AbstractAutowireCapableBeanFactory.java:422)
	at org.springframework.beans.factory.support.AbstractAutowireCapableBeanFactory.initializeBean(AbstractAutowireCapableBeanFactory.java:1780)
	at org.springframework.beans.factory.support.AbstractAutowireCapableBeanFactory.doCreateBean(AbstractAutowireCapableBeanFactory.java:600)
	at org.springframework.beans.factory.support.AbstractAutowireCapableBeanFactory.createBean(AbstractAutowireCapableBeanFactory.java:522)
	at org.springframework.beans.factory.support.AbstractBeanFactory.lambda$doGetBean$0(AbstractBeanFactory.java:337)
	at org.springframework.beans.factory.support.DefaultSingletonBeanRegistry.getSingleton(DefaultSingletonBeanRegistry.java:234)
	at org.springframework.beans.factory.support.AbstractBeanFactory.doGetBean(AbstractBeanFactory.java:335)
	at org.springframework.beans.factory.support.AbstractBeanFactory.getBean(AbstractBeanFactory.java:200)
	at org.springframework.beans.factory.support.DefaultListableBeanFactory.preInstantiateSingletons(DefaultListableBeanFactory.java:975)
	at org.springframework.context.support.AbstractApplicationContext.finishBeanFactoryInitialization(AbstractApplicationContext.java:962)
	at org.springframework.context.support.AbstractApplicationContext.refresh(AbstractApplicationContext.java:624)
	at org.springframework.boot.SpringApplication.refresh(SpringApplication.java:754)
	at org.springframework.boot.SpringApplication.refreshContext(SpringApplication.java:456)
	at org.springframework.boot.SpringApplication.run(SpringApplication.java:335)
	at org.springframework.boot.test.context.SpringBootContextLoader.lambda$loadContext$3(SpringBootContextLoader.java:137)
	at org.springframework.util.function.ThrowingSupplier.get(ThrowingSupplier.java:58)
	at org.springframework.util.function.ThrowingSupplier.get(ThrowingSupplier.java:46)
	at org.springframework.boot.SpringApplication.withHook(SpringApplication.java:1463)
	at org.springframework.boot.test.context.SpringBootContextLoader$ContextLoaderHook.run(SpringBootContextLoader.java:553)
	at org.springframework.boot.test.context.SpringBootContextLoader.loadContext(SpringBootContextLoader.java:137)
	at org.springframework.boot.test.context.SpringBootContextLoader.loadContext(SpringBootContextLoader.java:108)
	at org.springframework.test.context.cache.DefaultCacheAwareContextLoaderDelegate.loadContextInternal(DefaultCacheAwareContextLoaderDelegate.java:225)
	at org.springframework.test.context.cache.DefaultCacheAwareContextLoaderDelegate.loadContext(DefaultCacheAwareContextLoaderDelegate.java:152)
	at org.springframework.test.context.support.DefaultTestContext.getApplicationContext(DefaultTestContext.java:130)
	at org.springframework.test.context.web.ServletTestExecutionListener.setUpRequestContextIfNecessary(ServletTestExecutionListener.java:191)
	at org.springframework.test.context.web.ServletTestExecutionListener.prepareTestInstance(ServletTestExecutionListener.java:130)
	at org.springframework.test.context.TestContextManager.prepareTestInstance(TestContextManager.java:260)
	at org.springframework.test.context.junit.jupiter.SpringExtension.postProcessTestInstance(SpringExtension.java:163)
	at org.junit.jupiter.engine.descriptor.ClassBasedTestDescriptor.lambda$invokeTestInstancePostProcessors$10(ClassBasedTestDescriptor.java:378)
	at org.junit.jupiter.engine.descriptor.ClassBasedTestDescriptor.executeAndMaskThrowable(ClassBasedTestDescriptor.java:383)
	at org.junit.jupiter.engine.descriptor.ClassBasedTestDescriptor.lambda$invokeTestInstancePostProcessors$11(ClassBasedTestDescriptor.java:378)
	at java.base/java.util.stream.ReferencePipeline$3$1.accept(ReferencePipeline.java:197)
	at java.base/java.util.stream.ReferencePipeline$2$1.accept(ReferencePipeline.java:179)
	at java.base/java.util.ArrayList$ArrayListSpliterator.forEachRemaining(ArrayList.java:1708)
	at java.base/java.util.stream.AbstractPipeline.copyInto(AbstractPipeline.java:509)
	at java.base/java.util.stream.AbstractPipeline.wrapAndCopyInto(AbstractPipeline.java:499)
	at java.base/java.util.stream.StreamSpliterators$WrappingSpliterator.forEachRemaining(StreamSpliterators.java:310)
	at java.base/java.util.stream.Streams$ConcatSpliterator.forEachRemaining(Streams.java:735)
	at java.base/java.util.stream.Streams$ConcatSpliterator.forEachRemaining(Streams.java:734)
	at java.base/java.util.stream.ReferencePipeline$Head.forEach(ReferencePipeline.java:762)
	at org.junit.jupiter.engine.descriptor.ClassBasedTestDescriptor.invokeTestInstancePostProcessors(ClassBasedTestDescriptor.java:377)
	at org.junit.jupiter.engine.descriptor.ClassBasedTestDescriptor.lambda$instantiateAndPostProcessTestInstance$6(ClassBasedTestDescriptor.java:290)
	at org.junit.platform.engine.support.hierarchical.ThrowableCollector.execute(ThrowableCollector.java:73)
	at org.junit.jupiter.engine.descriptor.ClassBasedTestDescriptor.instantiateAndPostProcessTestInstance(ClassBasedTestDescriptor.java:289)
	at org.junit.jupiter.engine.descriptor.ClassBasedTestDescriptor.lambda$testInstancesProvider$4(ClassBasedTestDescriptor.java:279)
	at java.base/java.util.Optional.orElseGet(Optional.java:364)
	at org.junit.jupiter.engine.descriptor.ClassBasedTestDescriptor.lambda$testInstancesProvider$5(ClassBasedTestDescriptor.java:278)
	at org.junit.jupiter.engine.execution.TestInstancesProvider.getTestInstances(TestInstancesProvider.java:31)
	at org.junit.jupiter.engine.descriptor.TestMethodTestDescriptor.lambda$prepare$0(TestMethodTestDescriptor.java:106)
	at org.junit.platform.engine.support.hierarchical.ThrowableCollector.execute(ThrowableCollector.java:73)
	at org.junit.jupiter.engine.descriptor.TestMethodTestDescriptor.prepare(TestMethodTestDescriptor.java:105)
	at org.junit.jupiter.engine.descriptor.TestMethodTestDescriptor.prepare(TestMethodTestDescriptor.java:69)
	at org.junit.platform.engine.support.hierarchical.NodeTestTask.lambda$prepare$2(NodeTestTask.java:123)
	at org.junit.platform.engine.support.hierarchical.ThrowableCollector.execute(ThrowableCollector.java:73)
	at org.junit.platform.engine.support.hierarchical.NodeTestTask.prepare(NodeTestTask.java:123)
	at org.junit.platform.engine.support.hierarchical.NodeTestTask.execute(NodeTestTask.java:90)
	at java.base/java.util.ArrayList.forEach(ArrayList.java:1596)
	at org.junit.platform.engine.support.hierarchical.SameThreadHierarchicalTestExecutorService.invokeAll(SameThreadHierarchicalTestExecutorService.java:41)
	at org.junit.platform.engine.support.hierarchical.NodeTestTask.lambda$executeRecursively$6(NodeTestTask.java:155)
	at org.junit.platform.engine.support.hierarchical.ThrowableCollector.execute(ThrowableCollector.java:73)
	at org.junit.platform.engine.support.hierarchical.NodeTestTask.lambda$executeRecursively$8(NodeTestTask.java:141)
	at org.junit.platform.engine.support.hierarchical.Node.around(Node.java:137)
	at org.junit.platform.engine.support.hierarchical.NodeTestTask.lambda$executeRecursively$9(NodeTestTask.java:139)
	at org.junit.platform.engine.support.hierarchical.ThrowableCollector.execute(ThrowableCollector.java:73)
	at org.junit.platform.engine.support.hierarchical.NodeTestTask.executeRecursively(NodeTestTask.java:138)
	at org.junit.platform.engine.support.hierarchical.NodeTestTask.execute(NodeTestTask.java:95)
	at java.base/java.util.ArrayList.forEach(ArrayList.java:1596)
	at org.junit.platform.engine.support.hierarchical.SameThreadHierarchicalTestExecutorService.invokeAll(SameThreadHierarchicalTestExecutorService.java:41)
	at org.junit.platform.engine.support.hierarchical.NodeTestTask.lambda$executeRecursively$6(NodeTestTask.java:155)
	at org.junit.platform.engine.support.hierarchical.ThrowableCollector.execute(ThrowableCollector.java:73)
	at org.junit.platform.engine.support.hierarchical.NodeTestTask.lambda$executeRecursively$8(NodeTestTask.java:141)
	at org.junit.platform.engine.support.hierarchical.Node.around(Node.java:137)
	at org.junit.platform.engine.support.hierarchical.NodeTestTask.lambda$executeRecursively$9(NodeTestTask.java:139)
	at org.junit.platform.engine.support.hierarchical.ThrowableCollector.execute(ThrowableCollector.java:73)
	at org.junit.platform.engine.support.hierarchical.NodeTestTask.executeRecursively(NodeTestTask.java:138)
	at org.junit.platform.engine.support.hierarchical.NodeTestTask.execute(NodeTestTask.java:95)
	at org.junit.platform.engine.support.hierarchical.SameThreadHierarchicalTestExecutorService.submit(SameThreadHierarchicalTestExecutorService.java:35)
	at org.junit.platform.engine.support.hierarchical.HierarchicalTestExecutor.execute(HierarchicalTestExecutor.java:57)
	at org.junit.platform.engine.support.hierarchical.HierarchicalTestEngine.execute(HierarchicalTestEngine.java:54)
	at org.junit.platform.launcher.core.EngineExecutionOrchestrator.execute(EngineExecutionOrchestrator.java:198)
	at org.junit.platform.launcher.core.EngineExecutionOrchestrator.execute(EngineExecutionOrchestrator.java:169)
	at org.junit.platform.launcher.core.EngineExecutionOrchestrator.execute(EngineExecutionOrchestrator.java:93)
	at org.junit.platform.launcher.core.EngineExecutionOrchestrator.lambda$execute$0(EngineExecutionOrchestrator.java:58)
	at org.junit.platform.launcher.core.EngineExecutionOrchestrator.withInterceptedStreams(EngineExecutionOrchestrator.java:141)
	at org.junit.platform.launcher.core.EngineExecutionOrchestrator.execute(EngineExecutionOrchestrator.java:57)
	at org.junit.platform.launcher.core.DefaultLauncher.execute(DefaultLauncher.java:103)
	at org.junit.platform.launcher.core.DefaultLauncher.execute(DefaultLauncher.java:85)
	at org.junit.platform.launcher.core.DelegatingLauncher.execute(DelegatingLauncher.java:47)
	at org.apache.maven.surefire.junitplatform.LazyLauncher.execute(LazyLauncher.java:56)
	at org.apache.maven.surefire.junitplatform.JUnitPlatformProvider.execute(JUnitPlatformProvider.java:184)
	at org.apache.maven.surefire.junitplatform.JUnitPlatformProvider.invokeAllTests(JUnitPlatformProvider.java:148)
	at org.apache.maven.surefire.junitplatform.JUnitPlatformProvider.invoke(JUnitPlatformProvider.java:122)
	at org.apache.maven.surefire.booter.ForkedBooter.runSuitesInProcess(ForkedBooter.java:385)
	at org.apache.maven.surefire.booter.ForkedBooter.execute(ForkedBooter.java:162)
	at org.apache.maven.surefire.booter.ForkedBooter.run(ForkedBooter.java:507)
	at org.apache.maven.surefire.booter.ForkedBooter.main(ForkedBooter.java:495)
Caused by: java.lang.RuntimeException: Cannot invoke public abstract io.camunda.zeebe.client.api.command.DeployProcessCommandStep1 io.camunda.zeebe.client.ZeebeClient.newDeployCommand() on ZeebeClient, as ZeebeClient is currently not initialized. Maybe you run outside of a testcase?
	at io.camunda.zeebe.spring.test.proxy.ZeebeClientProxy.handleInvocation(ZeebeClientProxy.java:28)
	at io.camunda.zeebe.spring.test.proxy.AbstractInvocationHandler.invoke(AbstractInvocationHandler.java:40)
	at jdk.proxy2/jdk.proxy2.$Proxy103.newDeployCommand(Unknown Source)
	at com.example.DeploymentWorkerInitializer.deployBpmnFile(DeploymentWorkerInitializer.java:28)
	at info.novatec.bpm.camunda.basisExampleProject.adapter.in.BasicFileOperationAdapter.deploymentWorker(BasicFileOperationAdapter.java:36)
	at java.base/jdk.internal.reflect.DirectMethodHandleAccessor.invoke(DirectMethodHandleAccessor.java:103)
	at java.base/java.lang.reflect.Method.invoke(Method.java:580)
	at org.springframework.beans.factory.annotation.InitDestroyAnnotationBeanPostProcessor$LifecycleMethod.invoke(InitDestroyAnnotationBeanPostProcessor.java:457)
	at org.springframework.beans.factory.annotation.InitDestroyAnnotationBeanPostProcessor$LifecycleMetadata.invokeInitMethods(InitDestroyAnnotationBeanPostProcessor.java:401)
	at org.springframework.beans.factory.annotation.InitDestroyAnnotationBeanPostProcessor.postProcessBeforeInitialization(InitDestroyAnnotationBeanPostProcessor.java:219)
	... 96 common frames omitted
2024-07-29 11:21:37,498 [main] WARN  o.s.test.context.TestContextManager - Caught exception while allowing TestExecutionListener [org.springframework.test.context.web.ServletTestExecutionListener] to prepare test instance [basisExampleProjectTest.BasicExampleProcessIntTest@3e12c5de]
java.lang.IllegalStateException: Failed to load ApplicationContext for [WebMergedContextConfiguration@568ef502 testClass = basisExampleProjectTest.BasicExampleProcessIntTest, locations = [], classes = [info.novatec.bpm.camunda.ExampleProcessApplication], contextInitializerClasses = [], activeProfiles = [], propertySourceDescriptors = [], propertySourceProperties = ["org.springframework.boot.test.context.SpringBootTestContextBootstrapper=true"], contextCustomizers = [[ImportsContextCustomizer@36f05595 key = [io.camunda.zeebe.spring.test.CamundaTestAutoConfiguration]], org.springframework.boot.test.context.filter.ExcludeFilterContextCustomizer@23d1e5d0, org.springframework.boot.test.json.DuplicateJsonObjectContextCustomizerFactory$DuplicateJsonObjectContextCustomizer@37ddb69a, org.springframework.boot.test.mock.mockito.MockitoContextCustomizer@0, org.springframework.boot.test.web.client.TestRestTemplateContextCustomizer@3a0d172f, org.springframework.boot.test.autoconfigure.actuate.observability.ObservabilityContextCustomizerFactory$DisableObservabilityContextCustomizer@1f, org.springframework.boot.test.autoconfigure.properties.PropertyMappingContextCustomizer@0, org.springframework.boot.test.autoconfigure.web.servlet.WebDriverContextCustomizer@7fe7c640, org.springframework.test.context.support.DynamicPropertiesContextCustomizer@f85a7c08, org.springframework.boot.test.context.SpringBootTestAnnotation@4c4625a7], resourceBasePath = "src/main/webapp", contextLoader = org.springframework.boot.test.context.SpringBootContextLoader, parent = null]
	at org.springframework.test.context.cache.DefaultCacheAwareContextLoaderDelegate.loadContext(DefaultCacheAwareContextLoaderDelegate.java:180)
	at org.springframework.test.context.support.DefaultTestContext.getApplicationContext(DefaultTestContext.java:130)
	at org.springframework.test.context.web.ServletTestExecutionListener.setUpRequestContextIfNecessary(ServletTestExecutionListener.java:191)
	at org.springframework.test.context.web.ServletTestExecutionListener.prepareTestInstance(ServletTestExecutionListener.java:130)
	at org.springframework.test.context.TestContextManager.prepareTestInstance(TestContextManager.java:260)
	at org.springframework.test.context.junit.jupiter.SpringExtension.postProcessTestInstance(SpringExtension.java:163)
	at org.junit.jupiter.engine.descriptor.ClassBasedTestDescriptor.lambda$invokeTestInstancePostProcessors$10(ClassBasedTestDescriptor.java:378)
	at org.junit.jupiter.engine.descriptor.ClassBasedTestDescriptor.executeAndMaskThrowable(ClassBasedTestDescriptor.java:383)
	at org.junit.jupiter.engine.descriptor.ClassBasedTestDescriptor.lambda$invokeTestInstancePostProcessors$11(ClassBasedTestDescriptor.java:378)
	at java.base/java.util.stream.ReferencePipeline$3$1.accept(ReferencePipeline.java:197)
	at java.base/java.util.stream.ReferencePipeline$2$1.accept(ReferencePipeline.java:179)
	at java.base/java.util.ArrayList$ArrayListSpliterator.forEachRemaining(ArrayList.java:1708)
	at java.base/java.util.stream.AbstractPipeline.copyInto(AbstractPipeline.java:509)
	at java.base/java.util.stream.AbstractPipeline.wrapAndCopyInto(AbstractPipeline.java:499)
	at java.base/java.util.stream.StreamSpliterators$WrappingSpliterator.forEachRemaining(StreamSpliterators.java:310)
	at java.base/java.util.stream.Streams$ConcatSpliterator.forEachRemaining(Streams.java:735)
	at java.base/java.util.stream.Streams$ConcatSpliterator.forEachRemaining(Streams.java:734)
	at java.base/java.util.stream.ReferencePipeline$Head.forEach(ReferencePipeline.java:762)
	at org.junit.jupiter.engine.descriptor.ClassBasedTestDescriptor.invokeTestInstancePostProcessors(ClassBasedTestDescriptor.java:377)
	at org.junit.jupiter.engine.descriptor.ClassBasedTestDescriptor.lambda$instantiateAndPostProcessTestInstance$6(ClassBasedTestDescriptor.java:290)
	at org.junit.platform.engine.support.hierarchical.ThrowableCollector.execute(ThrowableCollector.java:73)
	at org.junit.jupiter.engine.descriptor.ClassBasedTestDescriptor.instantiateAndPostProcessTestInstance(ClassBasedTestDescriptor.java:289)
	at org.junit.jupiter.engine.descriptor.ClassBasedTestDescriptor.lambda$testInstancesProvider$4(ClassBasedTestDescriptor.java:279)
	at java.base/java.util.Optional.orElseGet(Optional.java:364)
	at org.junit.jupiter.engine.descriptor.ClassBasedTestDescriptor.lambda$testInstancesProvider$5(ClassBasedTestDescriptor.java:278)
	at org.junit.jupiter.engine.execution.TestInstancesProvider.getTestInstances(TestInstancesProvider.java:31)
	at org.junit.jupiter.engine.descriptor.TestMethodTestDescriptor.lambda$prepare$0(TestMethodTestDescriptor.java:106)
	at org.junit.platform.engine.support.hierarchical.ThrowableCollector.execute(ThrowableCollector.java:73)
	at org.junit.jupiter.engine.descriptor.TestMethodTestDescriptor.prepare(TestMethodTestDescriptor.java:105)
	at org.junit.jupiter.engine.descriptor.TestMethodTestDescriptor.prepare(TestMethodTestDescriptor.java:69)
	at org.junit.platform.engine.support.hierarchical.NodeTestTask.lambda$prepare$2(NodeTestTask.java:123)
	at org.junit.platform.engine.support.hierarchical.ThrowableCollector.execute(ThrowableCollector.java:73)
	at org.junit.platform.engine.support.hierarchical.NodeTestTask.prepare(NodeTestTask.java:123)
	at org.junit.platform.engine.support.hierarchical.NodeTestTask.execute(NodeTestTask.java:90)
	at java.base/java.util.ArrayList.forEach(ArrayList.java:1596)
	at org.junit.platform.engine.support.hierarchical.SameThreadHierarchicalTestExecutorService.invokeAll(SameThreadHierarchicalTestExecutorService.java:41)
	at org.junit.platform.engine.support.hierarchical.NodeTestTask.lambda$executeRecursively$6(NodeTestTask.java:155)
	at org.junit.platform.engine.support.hierarchical.ThrowableCollector.execute(ThrowableCollector.java:73)
	at org.junit.platform.engine.support.hierarchical.NodeTestTask.lambda$executeRecursively$8(NodeTestTask.java:141)
	at org.junit.platform.engine.support.hierarchical.Node.around(Node.java:137)
	at org.junit.platform.engine.support.hierarchical.NodeTestTask.lambda$executeRecursively$9(NodeTestTask.java:139)
	at org.junit.platform.engine.support.hierarchical.ThrowableCollector.execute(ThrowableCollector.java:73)
	at org.junit.platform.engine.support.hierarchical.NodeTestTask.executeRecursively(NodeTestTask.java:138)
	at org.junit.platform.engine.support.hierarchical.NodeTestTask.execute(NodeTestTask.java:95)
	at java.base/java.util.ArrayList.forEach(ArrayList.java:1596)
	at org.junit.platform.engine.support.hierarchical.SameThreadHierarchicalTestExecutorService.invokeAll(SameThreadHierarchicalTestExecutorService.java:41)
	at org.junit.platform.engine.support.hierarchical.NodeTestTask.lambda$executeRecursively$6(NodeTestTask.java:155)
	at org.junit.platform.engine.support.hierarchical.ThrowableCollector.execute(ThrowableCollector.java:73)
	at org.junit.platform.engine.support.hierarchical.NodeTestTask.lambda$executeRecursively$8(NodeTestTask.java:141)
	at org.junit.platform.engine.support.hierarchical.Node.around(Node.java:137)
	at org.junit.platform.engine.support.hierarchical.NodeTestTask.lambda$executeRecursively$9(NodeTestTask.java:139)
	at org.junit.platform.engine.support.hierarchical.ThrowableCollector.execute(ThrowableCollector.java:73)
	at org.junit.platform.engine.support.hierarchical.NodeTestTask.executeRecursively(NodeTestTask.java:138)
	at org.junit.platform.engine.support.hierarchical.NodeTestTask.execute(NodeTestTask.java:95)
	at org.junit.platform.engine.support.hierarchical.SameThreadHierarchicalTestExecutorService.submit(SameThreadHierarchicalTestExecutorService.java:35)
	at org.junit.platform.engine.support.hierarchical.HierarchicalTestExecutor.execute(HierarchicalTestExecutor.java:57)
	at org.junit.platform.engine.support.hierarchical.HierarchicalTestEngine.execute(HierarchicalTestEngine.java:54)
	at org.junit.platform.launcher.core.EngineExecutionOrchestrator.execute(EngineExecutionOrchestrator.java:198)
	at org.junit.platform.launcher.core.EngineExecutionOrchestrator.execute(EngineExecutionOrchestrator.java:169)
	at org.junit.platform.launcher.core.EngineExecutionOrchestrator.execute(EngineExecutionOrchestrator.java:93)
	at org.junit.platform.launcher.core.EngineExecutionOrchestrator.lambda$execute$0(EngineExecutionOrchestrator.java:58)
	at org.junit.platform.launcher.core.EngineExecutionOrchestrator.withInterceptedStreams(EngineExecutionOrchestrator.java:141)
	at org.junit.platform.launcher.core.EngineExecutionOrchestrator.execute(EngineExecutionOrchestrator.java:57)
	at org.junit.platform.launcher.core.DefaultLauncher.execute(DefaultLauncher.java:103)
	at org.junit.platform.launcher.core.DefaultLauncher.execute(DefaultLauncher.java:85)
	at org.junit.platform.launcher.core.DelegatingLauncher.execute(DelegatingLauncher.java:47)
	at org.apache.maven.surefire.junitplatform.LazyLauncher.execute(LazyLauncher.java:56)
	at org.apache.maven.surefire.junitplatform.JUnitPlatformProvider.execute(JUnitPlatformProvider.java:184)
	at org.apache.maven.surefire.junitplatform.JUnitPlatformProvider.invokeAllTests(JUnitPlatformProvider.java:148)
	at org.apache.maven.surefire.junitplatform.JUnitPlatformProvider.invoke(JUnitPlatformProvider.java:122)
	at org.apache.maven.surefire.booter.ForkedBooter.runSuitesInProcess(ForkedBooter.java:385)
	at org.apache.maven.surefire.booter.ForkedBooter.execute(ForkedBooter.java:162)
	at org.apache.maven.surefire.booter.ForkedBooter.run(ForkedBooter.java:507)
	at org.apache.maven.surefire.booter.ForkedBooter.main(ForkedBooter.java:495)
Caused by: org.springframework.beans.factory.BeanCreationException: Error creating bean with name 'basicFileOperationAdapter': Invocation of init method failed
	at org.springframework.beans.factory.annotation.InitDestroyAnnotationBeanPostProcessor.postProcessBeforeInitialization(InitDestroyAnnotationBeanPostProcessor.java:222)
	at org.springframework.beans.factory.support.AbstractAutowireCapableBeanFactory.applyBeanPostProcessorsBeforeInitialization(AbstractAutowireCapableBeanFactory.java:422)
	at org.springframework.beans.factory.support.AbstractAutowireCapableBeanFactory.initializeBean(AbstractAutowireCapableBeanFactory.java:1780)
	at org.springframework.beans.factory.support.AbstractAutowireCapableBeanFactory.doCreateBean(AbstractAutowireCapableBeanFactory.java:600)
	at org.springframework.beans.factory.support.AbstractAutowireCapableBeanFactory.createBean(AbstractAutowireCapableBeanFactory.java:522)
	at org.springframework.beans.factory.support.AbstractBeanFactory.lambda$doGetBean$0(AbstractBeanFactory.java:337)
	at org.springframework.beans.factory.support.DefaultSingletonBeanRegistry.getSingleton(DefaultSingletonBeanRegistry.java:234)
	at org.springframework.beans.factory.support.AbstractBeanFactory.doGetBean(AbstractBeanFactory.java:335)
	at org.springframework.beans.factory.support.AbstractBeanFactory.getBean(AbstractBeanFactory.java:200)
	at org.springframework.beans.factory.support.DefaultListableBeanFactory.preInstantiateSingletons(DefaultListableBeanFactory.java:975)
	at org.springframework.context.support.AbstractApplicationContext.finishBeanFactoryInitialization(AbstractApplicationContext.java:962)
	at org.springframework.context.support.AbstractApplicationContext.refresh(AbstractApplicationContext.java:624)
	at org.springframework.boot.SpringApplication.refresh(SpringApplication.java:754)
	at org.springframework.boot.SpringApplication.refreshContext(SpringApplication.java:456)
	at org.springframework.boot.SpringApplication.run(SpringApplication.java:335)
	at org.springframework.boot.test.context.SpringBootContextLoader.lambda$loadContext$3(SpringBootContextLoader.java:137)
	at org.springframework.util.function.ThrowingSupplier.get(ThrowingSupplier.java:58)
	at org.springframework.util.function.ThrowingSupplier.get(ThrowingSupplier.java:46)
	at org.springframework.boot.SpringApplication.withHook(SpringApplication.java:1463)
	at org.springframework.boot.test.context.SpringBootContextLoader$ContextLoaderHook.run(SpringBootContextLoader.java:553)
	at org.springframework.boot.test.context.SpringBootContextLoader.loadContext(SpringBootContextLoader.java:137)
	at org.springframework.boot.test.context.SpringBootContextLoader.loadContext(SpringBootContextLoader.java:108)
	at org.springframework.test.context.cache.DefaultCacheAwareContextLoaderDelegate.loadContextInternal(DefaultCacheAwareContextLoaderDelegate.java:225)
	at org.springframework.test.context.cache.DefaultCacheAwareContextLoaderDelegate.loadContext(DefaultCacheAwareContextLoaderDelegate.java:152)
	... 73 common frames omitted
Caused by: java.lang.RuntimeException: Cannot invoke public abstract io.camunda.zeebe.client.api.command.DeployProcessCommandStep1 io.camunda.zeebe.client.ZeebeClient.newDeployCommand() on ZeebeClient, as ZeebeClient is currently not initialized. Maybe you run outside of a testcase?
	at io.camunda.zeebe.spring.test.proxy.ZeebeClientProxy.handleInvocation(ZeebeClientProxy.java:28)
	at io.camunda.zeebe.spring.test.proxy.AbstractInvocationHandler.invoke(AbstractInvocationHandler.java:40)
	at jdk.proxy2/jdk.proxy2.$Proxy103.newDeployCommand(Unknown Source)
	at com.example.DeploymentWorkerInitializer.deployBpmnFile(DeploymentWorkerInitializer.java:28)
	at info.novatec.bpm.camunda.basisExampleProject.adapter.in.BasicFileOperationAdapter.deploymentWorker(BasicFileOperationAdapter.java:36)
	at java.base/jdk.internal.reflect.DirectMethodHandleAccessor.invoke(DirectMethodHandleAccessor.java:103)
	at java.base/java.lang.reflect.Method.invoke(Method.java:580)
	at org.springframework.beans.factory.annotation.InitDestroyAnnotationBeanPostProcessor$LifecycleMethod.invoke(InitDestroyAnnotationBeanPostProcessor.java:457)
	at org.springframework.beans.factory.annotation.InitDestroyAnnotationBeanPostProcessor$LifecycleMetadata.invokeInitMethods(InitDestroyAnnotationBeanPostProcessor.java:401)
	at org.springframework.beans.factory.annotation.InitDestroyAnnotationBeanPostProcessor.postProcessBeforeInitialization(InitDestroyAnnotationBeanPostProcessor.java:219)
	... 96 common frames omitted
]]></system-out>
    <system-err><![CDATA[


============================
CONDITIONS EVALUATION REPORT
============================


Positive matches:
-----------------

    None


Negative matches:
-----------------

    None


Exclusions:
-----------

    None


Unconditional classes:
----------------------

    None



]]></system-err>
  </testcase>
</testsuite>